2025-06-04 01:04:56,521 - TradingEngine - INFO - ðŸš€ Trading Strategy Engine initialized
2025-06-04 01:04:56,522 - TradingEngine - INFO - Configuration: {'max_position_size': 0.05, 'max_portfolio_risk': 0.2, 'stop_loss_pct': 0.02, 'take_profit_pct': 0.04, 'dynamic_stop_loss': True, 'trailing_stop_loss': True, 'min_confidence': 0.35, 'high_confidence': 0.55, 'base_position_size': 0.02, 'confidence_multiplier': 2.0, 'volatility_adjustment': True, 'max_trades_per_day': 20, 'min_time_between_trades': 300, 'paper_trading': True, 'prediction_horizon': 4, 'lookback_period': 24, 'use_binary_classification': False, 'log_level': 'DEBUG', 'save_trades': True, 'real_time_monitoring': True}
2025-06-04 01:04:56,522 - TradingEngine - INFO - ðŸ“ Found historical data for 12 symbols: ['ADAUSDT', 'AVAXUSDT', 'BCHUSDT', 'BTCUSDT', 'DOTUSDT', 'ETHUSDT', 'LINKUSDT', 'LTCUSDT', 'MATICUSDT', 'SOLUSDT', 'UNIUSDT', 'XLMUSDT']
2025-06-04 01:04:56,522 - TradingEngine - INFO - âœ… BTCUSDT: Historical data available
2025-06-04 01:04:56,522 - TradingEngine - INFO - âœ… ETHUSDT: Historical data available
2025-06-04 01:04:56,522 - TradingEngine - INFO - âœ… DOTUSDT: Historical data available
2025-06-04 01:04:56,522 - TradingEngine - INFO - âœ… LINKUSDT: Historical data available
2025-06-04 01:04:56,522 - TradingEngine - INFO - ðŸŽ¯ Using 4 validated symbols: ['BTCUSDT', 'ETHUSDT', 'DOTUSDT', 'LINKUSDT']
2025-06-04 01:04:56,522 - TradingEngine - INFO - ðŸš€ Starting Crypto Trading Strategy Engine...
2025-06-04 01:04:56,523 - TradingEngine - INFO - ðŸ”§ Initializing trading components...
2025-06-04 01:04:56,523 - TradingEngine - INFO - ðŸ”„ Symbol conversion: ['BTCUSDT', 'ETHUSDT', 'DOTUSDT', 'LINKUSDT'] -> ['BTC/USD', 'ETH/USD', 'DOT/USD', 'LINK/USD']
2025-06-04 01:04:57,016 - TradingEngine - INFO - âœ… Alpaca trading client initialized
2025-06-04 01:04:57,017 - TradingEngine - INFO - âœ… Binance client initialized for price data
2025-06-04 01:04:57,017 - MLEngine - INFO - ðŸ¤– Initializing ML pipelines (3-CLASS ONLY - BINARY ABANDONED)...
2025-06-04 01:04:57,017 - MLEngine - INFO - No existing 3-class model for BTCUSDT, training new model...
2025-06-04 01:04:57,017 - MLEngine - ERROR - Failed to initialize 3-class ML pipeline for BTCUSDT: No historical export files found for symbol BTCUSDT in /workspaces/crypto-mini-03/historical_exports
2025-06-04 01:04:57,017 - MLEngine - INFO - No existing 3-class model for ETHUSDT, training new model...
2025-06-04 01:04:57,017 - MLEngine - ERROR - Failed to initialize 3-class ML pipeline for ETHUSDT: No historical export files found for symbol ETHUSDT in /workspaces/crypto-mini-03/historical_exports
2025-06-04 01:04:57,018 - MLEngine - INFO - No existing 3-class model for DOTUSDT, training new model...
2025-06-04 01:04:57,018 - MLEngine - ERROR - Failed to initialize 3-class ML pipeline for DOTUSDT: No historical export files found for symbol DOTUSDT in /workspaces/crypto-mini-03/historical_exports
2025-06-04 01:04:57,018 - MLEngine - INFO - No existing 3-class model for LINKUSDT, training new model...
2025-06-04 01:04:57,018 - MLEngine - ERROR - Failed to initialize 3-class ML pipeline for LINKUSDT: No historical export files found for symbol LINKUSDT in /workspaces/crypto-mini-03/historical_exports
2025-06-04 01:04:57,018 - MLEngine - INFO - Initialized 0 3-class ML pipelines
2025-06-04 01:04:57,018 - TradingEngine - INFO - ðŸŽ¯ CRITICAL: Using 3-class models exclusively - binary models abandoned
2025-06-04 01:04:57,018 - TradingEngine - INFO - ðŸ“Š 3-class models provide: Buy, Hold, Sell signals with higher profitability
2025-06-04 01:04:57,210 - TradingEngine - INFO - âœ… All components initialized successfully
2025-06-04 01:04:57,210 - TradingEngine - INFO - ðŸ“¡ Processing trading signals for 4 symbols...
2025-06-04 01:04:57,211 - MLEngine - WARNING - No ML pipeline for BTCUSDT
2025-06-04 01:04:57,211 - MLEngine - WARNING - No ML pipeline for ETHUSDT
2025-06-04 01:04:57,211 - MLEngine - WARNING - No ML pipeline for DOTUSDT
2025-06-04 01:04:57,211 - MLEngine - WARNING - No ML pipeline for LINKUSDT
2025-06-04 01:09:57,211 - TradingEngine - INFO - ðŸ“¡ Processing trading signals for 4 symbols...
2025-06-04 01:09:57,211 - MLEngine - WARNING - No ML pipeline for BTCUSDT
2025-06-04 01:09:57,211 - MLEngine - WARNING - No ML pipeline for ETHUSDT
2025-06-04 01:09:57,211 - MLEngine - WARNING - No ML pipeline for DOTUSDT
2025-06-04 01:09:57,211 - MLEngine - WARNING - No ML pipeline for LINKUSDT
2025-06-04 01:14:57,211 - TradingEngine - INFO - ðŸ“¡ Processing trading signals for 4 symbols...
2025-06-04 01:14:57,211 - MLEngine - WARNING - No ML pipeline for BTCUSDT
2025-06-04 01:14:57,211 - MLEngine - WARNING - No ML pipeline for ETHUSDT
2025-06-04 01:14:57,211 - MLEngine - WARNING - No ML pipeline for DOTUSDT
2025-06-04 01:14:57,211 - MLEngine - WARNING - No ML pipeline for LINKUSDT
2025-06-04 01:19:57,211 - TradingEngine - INFO - ðŸ“¡ Processing trading signals for 4 symbols...
2025-06-04 01:19:57,211 - MLEngine - WARNING - No ML pipeline for BTCUSDT
2025-06-04 01:19:57,211 - MLEngine - WARNING - No ML pipeline for ETHUSDT
2025-06-04 01:19:57,211 - MLEngine - WARNING - No ML pipeline for DOTUSDT
2025-06-04 01:19:57,211 - MLEngine - WARNING - No ML pipeline for LINKUSDT
2025-06-04 01:24:57,211 - TradingEngine - INFO - ðŸ“¡ Processing trading signals for 4 symbols...
2025-06-04 01:24:57,211 - MLEngine - WARNING - No ML pipeline for BTCUSDT
2025-06-04 01:24:57,211 - MLEngine - WARNING - No ML pipeline for ETHUSDT
2025-06-04 01:24:57,211 - MLEngine - WARNING - No ML pipeline for DOTUSDT
2025-06-04 01:24:57,211 - MLEngine - WARNING - No ML pipeline for LINKUSDT
2025-06-04 01:29:57,211 - TradingEngine - INFO - ðŸ“¡ Processing trading signals for 4 symbols...
2025-06-04 01:29:57,211 - MLEngine - WARNING - No ML pipeline for BTCUSDT
2025-06-04 01:29:57,211 - MLEngine - WARNING - No ML pipeline for ETHUSDT
2025-06-04 01:29:57,211 - MLEngine - WARNING - No ML pipeline for DOTUSDT
2025-06-04 01:29:57,211 - MLEngine - WARNING - No ML pipeline for LINKUSDT
2025-06-04 01:34:57,211 - TradingEngine - INFO - ðŸ“¡ Processing trading signals for 4 symbols...
2025-06-04 01:34:57,211 - MLEngine - WARNING - No ML pipeline for BTCUSDT
2025-06-04 01:34:57,211 - MLEngine - WARNING - No ML pipeline for ETHUSDT
2025-06-04 01:34:57,212 - MLEngine - WARNING - No ML pipeline for DOTUSDT
2025-06-04 01:34:57,212 - MLEngine - WARNING - No ML pipeline for LINKUSDT
2025-06-04 01:39:57,211 - TradingEngine - INFO - ðŸ“¡ Processing trading signals for 4 symbols...
2025-06-04 01:39:57,211 - MLEngine - WARNING - No ML pipeline for BTCUSDT
2025-06-04 01:39:57,212 - MLEngine - WARNING - No ML pipeline for ETHUSDT
2025-06-04 01:39:57,212 - MLEngine - WARNING - No ML pipeline for DOTUSDT
2025-06-04 01:39:57,212 - MLEngine - WARNING - No ML pipeline for LINKUSDT
2025-06-04 01:44:57,211 - TradingEngine - INFO - ðŸ“¡ Processing trading signals for 4 symbols...
2025-06-04 01:44:57,212 - MLEngine - WARNING - No ML pipeline for BTCUSDT
2025-06-04 01:44:57,212 - MLEngine - WARNING - No ML pipeline for ETHUSDT
2025-06-04 01:44:57,212 - MLEngine - WARNING - No ML pipeline for DOTUSDT
2025-06-04 01:44:57,212 - MLEngine - WARNING - No ML pipeline for LINKUSDT
2025-06-04 01:49:57,212 - TradingEngine - INFO - ðŸ“¡ Processing trading signals for 4 symbols...
2025-06-04 01:49:57,212 - MLEngine - WARNING - No ML pipeline for BTCUSDT
2025-06-04 01:49:57,212 - MLEngine - WARNING - No ML pipeline for ETHUSDT
2025-06-04 01:49:57,212 - MLEngine - WARNING - No ML pipeline for DOTUSDT
2025-06-04 01:49:57,212 - MLEngine - WARNING - No ML pipeline for LINKUSDT
2025-06-04 01:54:57,212 - TradingEngine - INFO - ðŸ“¡ Processing trading signals for 4 symbols...
2025-06-04 01:54:57,212 - MLEngine - WARNING - No ML pipeline for BTCUSDT
2025-06-04 01:54:57,212 - MLEngine - WARNING - No ML pipeline for ETHUSDT
2025-06-04 01:54:57,212 - MLEngine - WARNING - No ML pipeline for DOTUSDT
2025-06-04 01:54:57,212 - MLEngine - WARNING - No ML pipeline for LINKUSDT
2025-06-04 01:59:57,212 - TradingEngine - INFO - ðŸ“¡ Processing trading signals for 4 symbols...
2025-06-04 01:59:57,212 - MLEngine - WARNING - No ML pipeline for BTCUSDT
2025-06-04 01:59:57,212 - MLEngine - WARNING - No ML pipeline for ETHUSDT
2025-06-04 01:59:57,212 - MLEngine - WARNING - No ML pipeline for DOTUSDT
2025-06-04 01:59:57,212 - MLEngine - WARNING - No ML pipeline for LINKUSDT
2025-06-04 02:04:57,212 - TradingEngine - INFO - ðŸ“¡ Processing trading signals for 4 symbols...
2025-06-04 02:04:57,212 - MLEngine - WARNING - No ML pipeline for BTCUSDT
2025-06-04 02:04:57,212 - MLEngine - WARNING - No ML pipeline for ETHUSDT
2025-06-04 02:04:57,212 - MLEngine - WARNING - No ML pipeline for DOTUSDT
2025-06-04 02:04:57,212 - MLEngine - WARNING - No ML pipeline for LINKUSDT
2025-06-04 02:09:57,212 - TradingEngine - INFO - ðŸ“¡ Processing trading signals for 4 symbols...
2025-06-04 02:09:57,212 - MLEngine - WARNING - No ML pipeline for BTCUSDT
2025-06-04 02:09:57,212 - MLEngine - WARNING - No ML pipeline for ETHUSDT
2025-06-04 02:09:57,212 - MLEngine - WARNING - No ML pipeline for DOTUSDT
2025-06-04 02:09:57,212 - MLEngine - WARNING - No ML pipeline for LINKUSDT
2025-06-04 02:14:57,212 - TradingEngine - INFO - ðŸ“¡ Processing trading signals for 4 symbols...
2025-06-04 02:14:57,212 - MLEngine - WARNING - No ML pipeline for BTCUSDT
2025-06-04 02:14:57,212 - MLEngine - WARNING - No ML pipeline for ETHUSDT
2025-06-04 02:14:57,212 - MLEngine - WARNING - No ML pipeline for DOTUSDT
2025-06-04 02:14:57,212 - MLEngine - WARNING - No ML pipeline for LINKUSDT
2025-06-04 02:19:57,212 - TradingEngine - INFO - ðŸ“¡ Processing trading signals for 4 symbols...
2025-06-04 02:19:57,212 - MLEngine - WARNING - No ML pipeline for BTCUSDT
2025-06-04 02:19:57,212 - MLEngine - WARNING - No ML pipeline for ETHUSDT
2025-06-04 02:19:57,212 - MLEngine - WARNING - No ML pipeline for DOTUSDT
2025-06-04 02:19:57,213 - MLEngine - WARNING - No ML pipeline for LINKUSDT
2025-06-04 02:24:57,212 - TradingEngine - INFO - ðŸ“¡ Processing trading signals for 4 symbols...
2025-06-04 02:24:57,212 - MLEngine - WARNING - No ML pipeline for BTCUSDT
2025-06-04 02:24:57,212 - MLEngine - WARNING - No ML pipeline for ETHUSDT
2025-06-04 02:24:57,213 - MLEngine - WARNING - No ML pipeline for DOTUSDT
2025-06-04 02:24:57,213 - MLEngine - WARNING - No ML pipeline for LINKUSDT
2025-06-04 02:29:57,212 - TradingEngine - INFO - ðŸ“¡ Processing trading signals for 4 symbols...
2025-06-04 02:29:57,213 - MLEngine - WARNING - No ML pipeline for BTCUSDT
2025-06-04 02:29:57,213 - MLEngine - WARNING - No ML pipeline for ETHUSDT
2025-06-04 02:29:57,213 - MLEngine - WARNING - No ML pipeline for DOTUSDT
2025-06-04 02:29:57,213 - MLEngine - WARNING - No ML pipeline for LINKUSDT
2025-06-04 02:34:57,212 - TradingEngine - INFO - ðŸ“¡ Processing trading signals for 4 symbols...
2025-06-04 02:34:57,213 - MLEngine - WARNING - No ML pipeline for BTCUSDT
2025-06-04 02:34:57,213 - MLEngine - WARNING - No ML pipeline for ETHUSDT
2025-06-04 02:34:57,213 - MLEngine - WARNING - No ML pipeline for DOTUSDT
2025-06-04 02:34:57,213 - MLEngine - WARNING - No ML pipeline for LINKUSDT
2025-06-04 02:39:57,213 - TradingEngine - INFO - ðŸ“¡ Processing trading signals for 4 symbols...
2025-06-04 02:39:57,213 - MLEngine - WARNING - No ML pipeline for BTCUSDT
2025-06-04 02:39:57,213 - MLEngine - WARNING - No ML pipeline for ETHUSDT
2025-06-04 02:39:57,213 - MLEngine - WARNING - No ML pipeline for DOTUSDT
2025-06-04 02:39:57,213 - MLEngine - WARNING - No ML pipeline for LINKUSDT
2025-06-04 02:44:57,213 - TradingEngine - INFO - ðŸ“¡ Processing trading signals for 4 symbols...
2025-06-04 02:44:57,213 - MLEngine - WARNING - No ML pipeline for BTCUSDT
2025-06-04 02:44:57,213 - MLEngine - WARNING - No ML pipeline for ETHUSDT
2025-06-04 02:44:57,213 - MLEngine - WARNING - No ML pipeline for DOTUSDT
2025-06-04 02:44:57,213 - MLEngine - WARNING - No ML pipeline for LINKUSDT
2025-06-04 02:49:57,213 - TradingEngine - INFO - ðŸ“¡ Processing trading signals for 4 symbols...
2025-06-04 02:49:57,213 - MLEngine - WARNING - No ML pipeline for BTCUSDT
2025-06-04 02:49:57,213 - MLEngine - WARNING - No ML pipeline for ETHUSDT
2025-06-04 02:49:57,213 - MLEngine - WARNING - No ML pipeline for DOTUSDT
2025-06-04 02:49:57,213 - MLEngine - WARNING - No ML pipeline for LINKUSDT
2025-06-04 02:54:57,213 - TradingEngine - INFO - ðŸ“¡ Processing trading signals for 4 symbols...
2025-06-04 02:54:57,213 - MLEngine - WARNING - No ML pipeline for BTCUSDT
2025-06-04 02:54:57,213 - MLEngine - WARNING - No ML pipeline for ETHUSDT
2025-06-04 02:54:57,213 - MLEngine - WARNING - No ML pipeline for DOTUSDT
2025-06-04 02:54:57,213 - MLEngine - WARNING - No ML pipeline for LINKUSDT
2025-06-04 02:59:57,213 - TradingEngine - INFO - ðŸ“¡ Processing trading signals for 4 symbols...
2025-06-04 02:59:57,213 - MLEngine - WARNING - No ML pipeline for BTCUSDT
2025-06-04 02:59:57,213 - MLEngine - WARNING - No ML pipeline for ETHUSDT
2025-06-04 02:59:57,213 - MLEngine - WARNING - No ML pipeline for DOTUSDT
2025-06-04 02:59:57,213 - MLEngine - WARNING - No ML pipeline for LINKUSDT
2025-06-04 03:04:57,213 - TradingEngine - INFO - ðŸ“¡ Processing trading signals for 4 symbols...
2025-06-04 03:04:57,213 - MLEngine - WARNING - No ML pipeline for BTCUSDT
2025-06-04 03:04:57,213 - MLEngine - WARNING - No ML pipeline for ETHUSDT
2025-06-04 03:04:57,213 - MLEngine - WARNING - No ML pipeline for DOTUSDT
2025-06-04 03:04:57,213 - MLEngine - WARNING - No ML pipeline for LINKUSDT
2025-06-04 03:09:57,213 - TradingEngine - INFO - ðŸ“¡ Processing trading signals for 4 symbols...
2025-06-04 03:09:57,213 - MLEngine - WARNING - No ML pipeline for BTCUSDT
2025-06-04 03:09:57,214 - MLEngine - WARNING - No ML pipeline for ETHUSDT
2025-06-04 03:09:57,214 - MLEngine - WARNING - No ML pipeline for DOTUSDT
2025-06-04 03:09:57,214 - MLEngine - WARNING - No ML pipeline for LINKUSDT
2025-06-04 03:14:57,213 - TradingEngine - INFO - ðŸ“¡ Processing trading signals for 4 symbols...
2025-06-04 03:14:57,214 - MLEngine - WARNING - No ML pipeline for BTCUSDT
2025-06-04 03:14:57,214 - MLEngine - WARNING - No ML pipeline for ETHUSDT
2025-06-04 03:14:57,214 - MLEngine - WARNING - No ML pipeline for DOTUSDT
2025-06-04 03:14:57,214 - MLEngine - WARNING - No ML pipeline for LINKUSDT
2025-06-04 03:19:57,213 - TradingEngine - INFO - ðŸ“¡ Processing trading signals for 4 symbols...
2025-06-04 03:19:57,214 - MLEngine - WARNING - No ML pipeline for BTCUSDT
2025-06-04 03:19:57,214 - MLEngine - WARNING - No ML pipeline for ETHUSDT
2025-06-04 03:19:57,214 - MLEngine - WARNING - No ML pipeline for DOTUSDT
2025-06-04 03:19:57,214 - MLEngine - WARNING - No ML pipeline for LINKUSDT
2025-06-04 03:24:57,214 - TradingEngine - INFO - ðŸ“¡ Processing trading signals for 4 symbols...
2025-06-04 03:24:57,214 - MLEngine - WARNING - No ML pipeline for BTCUSDT
2025-06-04 03:24:57,214 - MLEngine - WARNING - No ML pipeline for ETHUSDT
2025-06-04 03:24:57,214 - MLEngine - WARNING - No ML pipeline for DOTUSDT
2025-06-04 03:24:57,214 - MLEngine - WARNING - No ML pipeline for LINKUSDT
2025-06-04 03:29:57,214 - TradingEngine - INFO - ðŸ“¡ Processing trading signals for 4 symbols...
2025-06-04 03:29:57,214 - MLEngine - WARNING - No ML pipeline for BTCUSDT
2025-06-04 03:29:57,214 - MLEngine - WARNING - No ML pipeline for ETHUSDT
2025-06-04 03:29:57,214 - MLEngine - WARNING - No ML pipeline for DOTUSDT
2025-06-04 03:29:57,214 - MLEngine - WARNING - No ML pipeline for LINKUSDT
2025-06-04 03:34:57,214 - TradingEngine - INFO - ðŸ“¡ Processing trading signals for 4 symbols...
2025-06-04 03:34:57,214 - MLEngine - WARNING - No ML pipeline for BTCUSDT
2025-06-04 03:34:57,214 - MLEngine - WARNING - No ML pipeline for ETHUSDT
2025-06-04 03:34:57,214 - MLEngine - WARNING - No ML pipeline for DOTUSDT
2025-06-04 03:34:57,214 - MLEngine - WARNING - No ML pipeline for LINKUSDT
2025-06-04 03:39:57,214 - TradingEngine - INFO - ðŸ“¡ Processing trading signals for 4 symbols...
2025-06-04 03:39:57,214 - MLEngine - WARNING - No ML pipeline for BTCUSDT
2025-06-04 03:39:57,214 - MLEngine - WARNING - No ML pipeline for ETHUSDT
2025-06-04 03:39:57,214 - MLEngine - WARNING - No ML pipeline for DOTUSDT
2025-06-04 03:39:57,214 - MLEngine - WARNING - No ML pipeline for LINKUSDT
2025-06-04 03:44:57,214 - TradingEngine - INFO - ðŸ“¡ Processing trading signals for 4 symbols...
2025-06-04 03:44:57,214 - MLEngine - WARNING - No ML pipeline for BTCUSDT
2025-06-04 03:44:57,214 - MLEngine - WARNING - No ML pipeline for ETHUSDT
2025-06-04 03:44:57,214 - MLEngine - WARNING - No ML pipeline for DOTUSDT
2025-06-04 03:44:57,214 - MLEngine - WARNING - No ML pipeline for LINKUSDT
2025-06-04 03:49:57,214 - TradingEngine - INFO - ðŸ“¡ Processing trading signals for 4 symbols...
2025-06-04 03:49:57,214 - MLEngine - WARNING - No ML pipeline for BTCUSDT
2025-06-04 03:49:57,214 - MLEngine - WARNING - No ML pipeline for ETHUSDT
2025-06-04 03:49:57,214 - MLEngine - WARNING - No ML pipeline for DOTUSDT
2025-06-04 03:49:57,214 - MLEngine - WARNING - No ML pipeline for LINKUSDT
2025-06-04 03:54:57,214 - TradingEngine - INFO - ðŸ“¡ Processing trading signals for 4 symbols...
2025-06-04 03:54:57,214 - MLEngine - WARNING - No ML pipeline for BTCUSDT
2025-06-04 03:54:57,215 - MLEngine - WARNING - No ML pipeline for ETHUSDT
2025-06-04 03:54:57,215 - MLEngine - WARNING - No ML pipeline for DOTUSDT
2025-06-04 03:54:57,215 - MLEngine - WARNING - No ML pipeline for LINKUSDT
2025-06-04 03:59:57,214 - TradingEngine - INFO - ðŸ“¡ Processing trading signals for 4 symbols...
2025-06-04 03:59:57,215 - MLEngine - WARNING - No ML pipeline for BTCUSDT
2025-06-04 03:59:57,215 - MLEngine - WARNING - No ML pipeline for ETHUSDT
2025-06-04 03:59:57,215 - MLEngine - WARNING - No ML pipeline for DOTUSDT
2025-06-04 03:59:57,215 - MLEngine - WARNING - No ML pipeline for LINKUSDT
2025-06-04 04:04:57,214 - TradingEngine - INFO - ðŸ“¡ Processing trading signals for 4 symbols...
2025-06-04 04:04:57,215 - MLEngine - WARNING - No ML pipeline for BTCUSDT
2025-06-04 04:04:57,215 - MLEngine - WARNING - No ML pipeline for ETHUSDT
2025-06-04 04:04:57,215 - MLEngine - WARNING - No ML pipeline for DOTUSDT
2025-06-04 04:04:57,215 - MLEngine - WARNING - No ML pipeline for LINKUSDT
2025-06-04 04:09:57,215 - TradingEngine - INFO - ðŸ“¡ Processing trading signals for 4 symbols...
2025-06-04 04:09:57,215 - MLEngine - WARNING - No ML pipeline for BTCUSDT
2025-06-04 04:09:57,215 - MLEngine - WARNING - No ML pipeline for ETHUSDT
2025-06-04 04:09:57,215 - MLEngine - WARNING - No ML pipeline for DOTUSDT
2025-06-04 04:09:57,215 - MLEngine - WARNING - No ML pipeline for LINKUSDT
2025-06-04 04:14:57,215 - TradingEngine - INFO - ðŸ“¡ Processing trading signals for 4 symbols...
2025-06-04 04:14:57,215 - MLEngine - WARNING - No ML pipeline for BTCUSDT
2025-06-04 04:14:57,215 - MLEngine - WARNING - No ML pipeline for ETHUSDT
2025-06-04 04:14:57,215 - MLEngine - WARNING - No ML pipeline for DOTUSDT
2025-06-04 04:14:57,215 - MLEngine - WARNING - No ML pipeline for LINKUSDT
2025-06-04 04:19:57,215 - TradingEngine - INFO - ðŸ“¡ Processing trading signals for 4 symbols...
2025-06-04 04:19:57,215 - MLEngine - WARNING - No ML pipeline for BTCUSDT
2025-06-04 04:19:57,215 - MLEngine - WARNING - No ML pipeline for ETHUSDT
2025-06-04 04:19:57,215 - MLEngine - WARNING - No ML pipeline for DOTUSDT
2025-06-04 04:19:57,215 - MLEngine - WARNING - No ML pipeline for LINKUSDT
2025-06-04 04:24:57,215 - TradingEngine - INFO - ðŸ“¡ Processing trading signals for 4 symbols...
2025-06-04 04:24:57,215 - MLEngine - WARNING - No ML pipeline for BTCUSDT
2025-06-04 04:24:57,215 - MLEngine - WARNING - No ML pipeline for ETHUSDT
2025-06-04 04:24:57,215 - MLEngine - WARNING - No ML pipeline for DOTUSDT
2025-06-04 04:24:57,215 - MLEngine - WARNING - No ML pipeline for LINKUSDT
2025-06-04 04:29:57,215 - TradingEngine - INFO - ðŸ“¡ Processing trading signals for 4 symbols...
2025-06-04 04:29:57,215 - MLEngine - WARNING - No ML pipeline for BTCUSDT
2025-06-04 04:29:57,215 - MLEngine - WARNING - No ML pipeline for ETHUSDT
2025-06-04 04:29:57,215 - MLEngine - WARNING - No ML pipeline for DOTUSDT
2025-06-04 04:29:57,215 - MLEngine - WARNING - No ML pipeline for LINKUSDT
2025-06-04 04:34:57,215 - TradingEngine - INFO - ðŸ“¡ Processing trading signals for 4 symbols...
2025-06-04 04:34:57,215 - MLEngine - WARNING - No ML pipeline for BTCUSDT
2025-06-04 04:34:57,215 - MLEngine - WARNING - No ML pipeline for ETHUSDT
2025-06-04 04:34:57,215 - MLEngine - WARNING - No ML pipeline for DOTUSDT
2025-06-04 04:34:57,216 - MLEngine - WARNING - No ML pipeline for LINKUSDT
2025-06-04 04:39:57,215 - TradingEngine - INFO - ðŸ“¡ Processing trading signals for 4 symbols...
2025-06-04 04:39:57,215 - MLEngine - WARNING - No ML pipeline for BTCUSDT
2025-06-04 04:39:57,216 - MLEngine - WARNING - No ML pipeline for ETHUSDT
2025-06-04 04:39:57,216 - MLEngine - WARNING - No ML pipeline for DOTUSDT
2025-06-04 04:39:57,216 - MLEngine - WARNING - No ML pipeline for LINKUSDT
2025-06-04 04:44:57,215 - TradingEngine - INFO - ðŸ“¡ Processing trading signals for 4 symbols...
2025-06-04 04:44:57,216 - MLEngine - WARNING - No ML pipeline for BTCUSDT
2025-06-04 04:44:57,216 - MLEngine - WARNING - No ML pipeline for ETHUSDT
2025-06-04 04:44:57,216 - MLEngine - WARNING - No ML pipeline for DOTUSDT
2025-06-04 04:44:57,216 - MLEngine - WARNING - No ML pipeline for LINKUSDT
2025-06-04 04:49:57,216 - TradingEngine - INFO - ðŸ“¡ Processing trading signals for 4 symbols...
2025-06-04 04:49:57,216 - MLEngine - WARNING - No ML pipeline for BTCUSDT
2025-06-04 04:49:57,216 - MLEngine - WARNING - No ML pipeline for ETHUSDT
2025-06-04 04:49:57,216 - MLEngine - WARNING - No ML pipeline for DOTUSDT
2025-06-04 04:49:57,216 - MLEngine - WARNING - No ML pipeline for LINKUSDT
2025-06-04 04:54:57,216 - TradingEngine - INFO - ðŸ“¡ Processing trading signals for 4 symbols...
2025-06-04 04:54:57,216 - MLEngine - WARNING - No ML pipeline for BTCUSDT
2025-06-04 04:54:57,216 - MLEngine - WARNING - No ML pipeline for ETHUSDT
2025-06-04 04:54:57,216 - MLEngine - WARNING - No ML pipeline for DOTUSDT
2025-06-04 04:54:57,216 - MLEngine - WARNING - No ML pipeline for LINKUSDT
2025-06-04 04:59:57,216 - TradingEngine - INFO - ðŸ“¡ Processing trading signals for 4 symbols...
2025-06-04 04:59:57,216 - MLEngine - WARNING - No ML pipeline for BTCUSDT
2025-06-04 04:59:57,216 - MLEngine - WARNING - No ML pipeline for ETHUSDT
2025-06-04 04:59:57,216 - MLEngine - WARNING - No ML pipeline for DOTUSDT
2025-06-04 04:59:57,216 - MLEngine - WARNING - No ML pipeline for LINKUSDT
2025-06-04 05:04:57,216 - TradingEngine - INFO - ðŸ“¡ Processing trading signals for 4 symbols...
2025-06-04 05:04:57,216 - MLEngine - WARNING - No ML pipeline for BTCUSDT
2025-06-04 05:04:57,216 - MLEngine - WARNING - No ML pipeline for ETHUSDT
2025-06-04 05:04:57,216 - MLEngine - WARNING - No ML pipeline for DOTUSDT
2025-06-04 05:04:57,216 - MLEngine - WARNING - No ML pipeline for LINKUSDT
2025-06-04 05:09:57,216 - TradingEngine - INFO - ðŸ“¡ Processing trading signals for 4 symbols...
2025-06-04 05:09:57,216 - MLEngine - WARNING - No ML pipeline for BTCUSDT
2025-06-04 05:09:57,216 - MLEngine - WARNING - No ML pipeline for ETHUSDT
2025-06-04 05:09:57,216 - MLEngine - WARNING - No ML pipeline for DOTUSDT
2025-06-04 05:09:57,216 - MLEngine - WARNING - No ML pipeline for LINKUSDT
2025-06-04 05:14:57,216 - TradingEngine - INFO - ðŸ“¡ Processing trading signals for 4 symbols...
2025-06-04 05:14:57,216 - MLEngine - WARNING - No ML pipeline for BTCUSDT
2025-06-04 05:14:57,216 - MLEngine - WARNING - No ML pipeline for ETHUSDT
2025-06-04 05:14:57,216 - MLEngine - WARNING - No ML pipeline for DOTUSDT
2025-06-04 05:14:57,216 - MLEngine - WARNING - No ML pipeline for LINKUSDT
2025-06-04 05:19:57,216 - TradingEngine - INFO - ðŸ“¡ Processing trading signals for 4 symbols...
2025-06-04 05:19:57,216 - MLEngine - WARNING - No ML pipeline for BTCUSDT
2025-06-04 05:19:57,216 - MLEngine - WARNING - No ML pipeline for ETHUSDT
2025-06-04 05:19:57,217 - MLEngine - WARNING - No ML pipeline for DOTUSDT
2025-06-04 05:19:57,217 - MLEngine - WARNING - No ML pipeline for LINKUSDT
