2025-06-02 02:26:58,242 - TradingEngine - INFO - Trading Strategy Engine initialized
2025-06-02 02:26:58,243 - TradingEngine - INFO - Configuration: {'max_position_size': 0.03, 'max_portfolio_risk': 0.15, 'stop_loss_pct': 0.02, 'take_profit_pct': 0.04, 'min_confidence': 0.35, 'high_confidence': 0.6, 'base_position_size': 0.02, 'confidence_multiplier': 1.5, 'volatility_adjustment': True, 'max_trades_per_day': 15, 'min_time_between_trades': 180, 'paper_trading': True, 'prediction_horizon': 4, 'lookback_period': 24, 'use_binary_classification': False, 'log_level': 'INFO', 'save_trades': True, 'real_time_monitoring': True}
2025-06-02 02:26:58,243 - TradingEngine - INFO - Initializing enhanced trading components...
2025-06-02 02:26:58,243 - TradingEngine - ERROR - Failed to initialize trading client: API credentials required. Set ALPACA_API_KEY and ALPACA_SECRET_KEY environment variables.
2025-06-02 02:27:18,043 - TradingEngine - INFO - Trading Strategy Engine initialized
2025-06-02 02:27:18,043 - TradingEngine - INFO - Configuration: {'max_position_size': 0.03, 'max_portfolio_risk': 0.15, 'stop_loss_pct': 0.02, 'take_profit_pct': 0.04, 'min_confidence': 0.35, 'high_confidence': 0.6, 'base_position_size': 0.02, 'confidence_multiplier': 1.5, 'volatility_adjustment': True, 'max_trades_per_day': 15, 'min_time_between_trades': 180, 'paper_trading': True, 'prediction_horizon': 4, 'lookback_period': 24, 'use_binary_classification': False, 'log_level': 'INFO', 'save_trades': True, 'real_time_monitoring': True}
2025-06-02 02:27:18,043 - TradingEngine - INFO - Initializing enhanced trading components...
2025-06-02 02:27:18,044 - TradingEngine - ERROR - Failed to initialize trading client: API credentials required. Set ALPACA_API_KEY and ALPACA_SECRET_KEY environment variables.
2025-06-02 02:30:33,715 - TradingEngine - INFO - Trading Strategy Engine initialized
2025-06-02 02:30:33,715 - TradingEngine - INFO - Configuration: {'max_position_size': 0.05, 'max_portfolio_risk': 0.2, 'stop_loss_pct': 0.02, 'take_profit_pct': 0.04, 'min_confidence': 0.35, 'high_confidence': 0.6, 'base_position_size': 0.02, 'confidence_multiplier': 2.0, 'volatility_adjustment': True, 'max_trades_per_day': 20, 'min_time_between_trades': 300, 'paper_trading': True, 'prediction_horizon': 4, 'lookback_period': 24, 'use_binary_classification': False, 'log_level': 'INFO', 'save_trades': True, 'real_time_monitoring': True}
2025-06-02 02:30:33,715 - TradingEngine - INFO - 🚀 Starting Crypto Trading Strategy Engine...
2025-06-02 02:30:33,715 - TradingEngine - INFO - Initializing enhanced trading components...
2025-06-02 02:30:33,715 - TradingEngine - ERROR - Failed to initialize trading client: API credentials required. Set ALPACA_API_KEY and ALPACA_SECRET_KEY environment variables.
2025-06-02 02:30:33,716 - TradingEngine - ERROR - Fatal error in trading engine: API credentials required. Set ALPACA_API_KEY and ALPACA_SECRET_KEY environment variables.
2025-06-02 02:30:33,716 - TradingEngine - ERROR - Traceback (most recent call last):
  File "/workspaces/crypto-mini-03/trading/strategy_engine.py", line 928, in start_trading
    self.initialize_components(symbols)
  File "/workspaces/crypto-mini-03/trading/strategy_engine.py", line 238, in initialize_components
    self.trading_client = AlpacaCryptoClient(paper=self.config.paper_trading)
                          ^^^^^^^^^^^^^^^^^^^^^^^^^^^^^^^^^^^^^^^^^^^^^^^^^^^
  File "/workspaces/crypto-mini-03/alpaca/alpaca_client.py", line 68, in __init__
    raise ValueError("API credentials required. Set ALPACA_API_KEY and ALPACA_SECRET_KEY environment variables.")
ValueError: API credentials required. Set ALPACA_API_KEY and ALPACA_SECRET_KEY environment variables.

2025-06-02 02:30:33,717 - TradingEngine - INFO - 🛑 Stopping trading engine...
2025-06-02 02:30:33,717 - TradingEngine - INFO - ✅ Trading engine stopped
2025-06-02 02:34:41,070 - TradingEngine - INFO - Trading Strategy Engine initialized
2025-06-02 02:34:41,070 - TradingEngine - INFO - Configuration: {'max_position_size': 0.05, 'max_portfolio_risk': 0.2, 'stop_loss_pct': 0.02, 'take_profit_pct': 0.04, 'min_confidence': 0.35, 'high_confidence': 0.6, 'base_position_size': 0.02, 'confidence_multiplier': 2.0, 'volatility_adjustment': True, 'max_trades_per_day': 10, 'min_time_between_trades': 300, 'paper_trading': True, 'prediction_horizon': 4, 'lookback_period': 24, 'use_binary_classification': False, 'log_level': 'INFO', 'save_trades': True, 'real_time_monitoring': True}
2025-06-02 02:35:38,902 - TradingEngine - INFO - Trading Strategy Engine initialized
2025-06-02 02:35:38,903 - TradingEngine - INFO - Configuration: {'max_position_size': 0.03, 'max_portfolio_risk': 0.2, 'stop_loss_pct': 0.02, 'take_profit_pct': 0.04, 'min_confidence': 0.35, 'high_confidence': 0.6, 'base_position_size': 0.02, 'confidence_multiplier': 2.0, 'volatility_adjustment': True, 'max_trades_per_day': 10, 'min_time_between_trades': 300, 'paper_trading': True, 'prediction_horizon': 4, 'lookback_period': 24, 'use_binary_classification': False, 'log_level': 'INFO', 'save_trades': True, 'real_time_monitoring': True}
2025-06-02 02:47:55,577 - TradingEngine - INFO - Trading Strategy Engine initialized
2025-06-02 02:47:55,577 - TradingEngine - INFO - Configuration: {'max_position_size': 0.05, 'max_portfolio_risk': 0.2, 'stop_loss_pct': 0.02, 'take_profit_pct': 0.04, 'min_confidence': 0.35, 'high_confidence': 0.6, 'base_position_size': 0.02, 'confidence_multiplier': 2.0, 'volatility_adjustment': True, 'max_trades_per_day': 20, 'min_time_between_trades': 300, 'paper_trading': True, 'prediction_horizon': 4, 'lookback_period': 24, 'use_binary_classification': False, 'log_level': 'INFO', 'save_trades': True, 'real_time_monitoring': True}
2025-06-02 02:47:55,578 - TradingEngine - INFO - 🚀 Starting Crypto Trading Strategy Engine...
2025-06-02 02:47:55,578 - TradingEngine - INFO - Initializing enhanced trading components...
2025-06-02 02:47:55,833 - TradingEngine - INFO - ✅ Alpaca trading client initialized
2025-06-02 02:47:55,833 - TradingEngine - INFO - No existing model for BTCUSDT, training new model...
2025-06-02 02:47:55,833 - TradingEngine - INFO - 🎓 Training model for BTCUSDT...
2025-06-02 02:48:25,219 - TradingEngine - INFO - ✅ Model training completed for BTCUSDT
2025-06-02 02:48:25,219 - TradingEngine - INFO -    Validation accuracy: 62.1%
2025-06-02 02:48:25,219 - TradingEngine - INFO -    Strategy return: 19.6%
2025-06-02 02:48:25,219 - TradingEngine - INFO -    Executed trades: 1
2025-06-02 02:48:25,257 - TradingEngine - INFO - 💾 Model and components saved to /workspaces/crypto-mini-03/ml_results/models/BTCUSDT_improved_model.keras
2025-06-02 02:48:25,257 - TradingEngine - INFO - ✅ Enhanced ML pipeline ready for BTCUSDT
2025-06-02 02:48:25,257 - TradingEngine - INFO - No existing model for ETHUSDT, training new model...
2025-06-02 02:48:25,257 - TradingEngine - INFO - 🎓 Training model for ETHUSDT...
2025-06-02 02:49:23,087 - TradingEngine - INFO - ✅ Model training completed for ETHUSDT
2025-06-02 02:49:23,087 - TradingEngine - INFO -    Validation accuracy: 50.8%
2025-06-02 02:49:23,087 - TradingEngine - INFO -    Strategy return: 43.1%
2025-06-02 02:49:23,087 - TradingEngine - INFO -    Executed trades: 11
2025-06-02 02:49:23,113 - TradingEngine - INFO - 💾 Model and components saved to /workspaces/crypto-mini-03/ml_results/models/ETHUSDT_improved_model.keras
2025-06-02 02:49:23,113 - TradingEngine - INFO - ✅ Enhanced ML pipeline ready for ETHUSDT
2025-06-02 02:49:23,113 - TradingEngine - INFO - No existing model for DOTUSDT, training new model...
2025-06-02 02:49:23,113 - TradingEngine - INFO - 🎓 Training model for DOTUSDT...
2025-06-02 02:49:53,585 - TradingEngine - INFO - ✅ Model training completed for DOTUSDT
2025-06-02 02:49:53,585 - TradingEngine - INFO -    Validation accuracy: 55.2%
2025-06-02 02:49:53,585 - TradingEngine - INFO -    Strategy return: 3.7%
2025-06-02 02:49:53,585 - TradingEngine - INFO -    Executed trades: 1
2025-06-02 02:49:53,610 - TradingEngine - INFO - 💾 Model and components saved to /workspaces/crypto-mini-03/ml_results/models/DOTUSDT_improved_model.keras
2025-06-02 02:49:53,611 - TradingEngine - INFO - ✅ Enhanced ML pipeline ready for DOTUSDT
2025-06-02 02:49:53,611 - TradingEngine - INFO - No existing model for DOGEUSDT, training new model...
2025-06-02 02:49:53,611 - TradingEngine - INFO - 🎓 Training model for DOGEUSDT...
2025-06-02 02:49:53,612 - TradingEngine - ERROR - ❌ Model training failed for DOGEUSDT: No historical export files found for symbol DOGEUSDT in /workspaces/crypto-mini-03/historical_exports
2025-06-02 02:49:53,612 - TradingEngine - INFO - ✅ Enhanced ML pipeline ready for DOGEUSDT
2025-06-02 02:49:53,612 - TradingEngine - INFO - 🔍 Loading existing positions from Alpaca...
2025-06-02 02:49:53,834 - TradingEngine - INFO - ✅ Loaded position: BTCUSD (long) +0.013617 @ $107157.60 (Current: $105338.17, P&L: $-24.78)
2025-06-02 02:49:53,834 - TradingEngine - INFO - ✅ Loaded position: ETHUSD (long) +0.354708 @ $2760.44 (Current: $2519.76, P&L: $-85.37)
2025-06-02 02:49:53,834 - TradingEngine - INFO - ✅ Successfully loaded 2 existing positions from Alpaca
2025-06-02 02:49:54,066 - TradingEngine - INFO - 🔍 Loading existing positions from Alpaca...
2025-06-02 02:49:54,124 - TradingEngine - INFO - ✅ Loaded position: BTCUSD (long) +0.013617 @ $107157.60 (Current: $105338.17, P&L: $-24.78)
2025-06-02 02:49:54,125 - TradingEngine - INFO - ✅ Loaded position: ETHUSD (long) +0.354708 @ $2760.44 (Current: $2519.76, P&L: $-85.37)
2025-06-02 02:49:54,125 - TradingEngine - INFO - ✅ Successfully loaded 2 existing positions from Alpaca
2025-06-02 02:49:54,244 - TradingEngine - INFO - Initialized 4 enhanced ML pipelines
2025-06-02 02:49:54,245 - TradingEngine - INFO - Processing trading signals for 4 symbols...
2025-06-02 02:49:54,399 - TradingEngine - WARNING - Model not trained for DOGEUSDT
2025-06-02 02:54:54,245 - TradingEngine - INFO - Processing trading signals for 4 symbols...
2025-06-02 02:54:54,397 - TradingEngine - WARNING - Model not trained for DOGEUSDT
2025-06-02 02:55:09,360 - TradingEngine - INFO - Trading Strategy Engine initialized
2025-06-02 02:55:09,360 - TradingEngine - INFO - Configuration: {'max_position_size': 0.05, 'max_portfolio_risk': 0.2, 'stop_loss_pct': 0.02, 'take_profit_pct': 0.04, 'min_confidence': 0.35, 'high_confidence': 0.6, 'base_position_size': 0.02, 'confidence_multiplier': 2.0, 'volatility_adjustment': True, 'max_trades_per_day': 20, 'min_time_between_trades': 300, 'paper_trading': True, 'prediction_horizon': 4, 'lookback_period': 24, 'use_binary_classification': False, 'log_level': 'INFO', 'save_trades': True, 'real_time_monitoring': True}
2025-06-02 02:55:09,360 - TradingEngine - INFO - 🚀 Starting Crypto Trading Strategy Engine...
2025-06-02 02:55:09,360 - TradingEngine - INFO - Initializing enhanced trading components...
2025-06-02 02:55:09,595 - TradingEngine - INFO - ✅ Alpaca trading client initialized
2025-06-02 02:55:09,595 - TradingEngine - INFO - Found existing model for BTCUSDT
2025-06-02 02:55:09,813 - TradingEngine - INFO - ✅ Loaded trained model for BTCUSDT
2025-06-02 02:55:09,813 - TradingEngine - INFO - ✅ Enhanced ML pipeline ready for BTCUSDT
2025-06-02 02:55:09,814 - TradingEngine - INFO - Found existing model for ETHUSDT
2025-06-02 02:55:09,904 - TradingEngine - INFO - ✅ Loaded trained model for ETHUSDT
2025-06-02 02:55:09,905 - TradingEngine - INFO - ✅ Enhanced ML pipeline ready for ETHUSDT
2025-06-02 02:55:09,905 - TradingEngine - INFO - Found existing model for DOTUSDT
2025-06-02 02:55:10,022 - TradingEngine - INFO - ✅ Loaded trained model for DOTUSDT
2025-06-02 02:55:10,022 - TradingEngine - INFO - ✅ Enhanced ML pipeline ready for DOTUSDT
2025-06-02 02:55:10,022 - TradingEngine - INFO - No existing model for DOGEUSDT, training new model...
2025-06-02 02:55:10,022 - TradingEngine - INFO - 🎓 Training model for DOGEUSDT...
2025-06-02 02:55:10,024 - TradingEngine - ERROR - ❌ Model training failed for DOGEUSDT: No historical export files found for symbol DOGEUSDT in /workspaces/crypto-mini-03/historical_exports
2025-06-02 02:55:10,024 - TradingEngine - INFO - ✅ Enhanced ML pipeline ready for DOGEUSDT
2025-06-02 02:55:10,024 - TradingEngine - INFO - 🔍 Loading existing positions from Alpaca...
2025-06-02 02:55:10,083 - TradingEngine - INFO - ✅ Loaded position: BTCUSD (long) +0.013617 @ $107157.60 (Current: $105338.17, P&L: $-24.78)
2025-06-02 02:55:10,083 - TradingEngine - INFO - ✅ Loaded position: ETHUSD (long) +0.354708 @ $2760.44 (Current: $2519.76, P&L: $-85.37)
2025-06-02 02:55:10,083 - TradingEngine - INFO - ✅ Successfully loaded 2 existing positions from Alpaca
2025-06-02 02:55:10,317 - TradingEngine - INFO - 🔍 Loading existing positions from Alpaca...
2025-06-02 02:55:10,375 - TradingEngine - INFO - ✅ Loaded position: BTCUSD (long) +0.013617 @ $107157.60 (Current: $105338.17, P&L: $-24.78)
2025-06-02 02:55:10,375 - TradingEngine - INFO - ✅ Loaded position: ETHUSD (long) +0.354708 @ $2760.44 (Current: $2519.76, P&L: $-85.37)
2025-06-02 02:55:10,375 - TradingEngine - INFO - ✅ Successfully loaded 2 existing positions from Alpaca
2025-06-02 02:55:10,494 - TradingEngine - INFO - Initialized 4 enhanced ML pipelines
2025-06-02 02:55:10,494 - TradingEngine - INFO - Processing trading signals for 4 symbols...
2025-06-02 02:55:10,494 - TradingEngine - ERROR - Error getting ML prediction for BTCUSDT: 'NoneType' object has no attribute 'tail'
2025-06-02 02:55:10,495 - TradingEngine - ERROR - Error getting ML prediction for ETHUSDT: 'NoneType' object has no attribute 'tail'
2025-06-02 02:55:10,495 - TradingEngine - ERROR - Error getting ML prediction for DOTUSDT: 'NoneType' object has no attribute 'tail'
2025-06-02 02:55:10,495 - TradingEngine - WARNING - Model not trained for DOGEUSDT
2025-06-02 02:56:04,357 - TradingEngine - INFO - Received signal 2, initiating shutdown...
2025-06-02 02:59:54,245 - TradingEngine - INFO - Processing trading signals for 4 symbols...
2025-06-02 02:59:54,402 - TradingEngine - WARNING - Model not trained for DOGEUSDT
2025-06-02 03:00:10,495 - TradingEngine - INFO - 🛑 Stopping trading engine...
2025-06-02 03:00:10,495 - TradingEngine - INFO - Closing 2 open positions...
2025-06-02 03:00:10,495 - TradingEngine - INFO - ✅ Trading engine stopped
2025-06-02 03:04:54,245 - TradingEngine - INFO - Processing trading signals for 4 symbols...
2025-06-02 03:04:54,454 - TradingEngine - WARNING - Model not trained for DOGEUSDT
2025-06-02 03:09:54,245 - TradingEngine - INFO - Processing trading signals for 4 symbols...
2025-06-02 03:09:54,405 - TradingEngine - WARNING - Model not trained for DOGEUSDT
2025-06-02 03:14:54,245 - TradingEngine - INFO - Processing trading signals for 4 symbols...
2025-06-02 03:14:54,401 - TradingEngine - WARNING - Model not trained for DOGEUSDT
2025-06-02 03:19:54,246 - TradingEngine - INFO - Processing trading signals for 4 symbols...
2025-06-02 03:19:54,394 - TradingEngine - WARNING - Model not trained for DOGEUSDT
2025-06-02 03:24:54,246 - TradingEngine - INFO - Processing trading signals for 4 symbols...
2025-06-02 03:24:54,390 - TradingEngine - WARNING - Model not trained for DOGEUSDT
2025-06-02 03:29:54,246 - TradingEngine - INFO - Processing trading signals for 4 symbols...
2025-06-02 03:29:54,391 - TradingEngine - WARNING - Model not trained for DOGEUSDT
2025-06-02 03:34:54,246 - TradingEngine - INFO - Processing trading signals for 4 symbols...
2025-06-02 03:34:54,392 - TradingEngine - WARNING - Model not trained for DOGEUSDT
2025-06-02 03:39:54,246 - TradingEngine - INFO - Processing trading signals for 4 symbols...
2025-06-02 03:39:54,398 - TradingEngine - WARNING - Model not trained for DOGEUSDT
2025-06-02 03:44:54,246 - TradingEngine - INFO - Processing trading signals for 4 symbols...
2025-06-02 03:44:54,391 - TradingEngine - WARNING - Model not trained for DOGEUSDT
2025-06-02 03:49:54,246 - TradingEngine - INFO - Processing trading signals for 4 symbols...
2025-06-02 03:49:54,406 - TradingEngine - WARNING - Model not trained for DOGEUSDT
2025-06-02 03:54:54,246 - TradingEngine - INFO - Processing trading signals for 4 symbols...
2025-06-02 03:54:54,406 - TradingEngine - WARNING - Model not trained for DOGEUSDT
2025-06-02 03:56:39,124 - TradingEngine - INFO - Trading Strategy Engine initialized
2025-06-02 03:56:39,124 - TradingEngine - INFO - Configuration: {'max_position_size': 0.05, 'max_portfolio_risk': 0.2, 'stop_loss_pct': 0.02, 'take_profit_pct': 0.04, 'min_confidence': 0.35, 'high_confidence': 0.6, 'base_position_size': 0.02, 'confidence_multiplier': 2.0, 'volatility_adjustment': True, 'max_trades_per_day': 20, 'min_time_between_trades': 300, 'paper_trading': True, 'prediction_horizon': 4, 'lookback_period': 24, 'use_binary_classification': False, 'log_level': 'INFO', 'save_trades': True, 'real_time_monitoring': True}
2025-06-02 03:56:39,124 - TradingEngine - INFO - 🚀 Starting Crypto Trading Strategy Engine...
2025-06-02 03:56:39,125 - TradingEngine - INFO - Initializing enhanced trading components...
2025-06-02 03:56:39,335 - TradingEngine - INFO - ✅ Alpaca trading client initialized
2025-06-02 03:56:39,335 - TradingEngine - INFO - Found existing model for BTCUSDT
2025-06-02 03:56:39,476 - TradingEngine - INFO - ✅ Loaded trained model for BTCUSDT
2025-06-02 03:56:39,476 - TradingEngine - INFO - ✅ Enhanced ML pipeline ready for BTCUSDT
2025-06-02 03:56:39,476 - TradingEngine - INFO - Found existing model for ETHUSDT
2025-06-02 03:56:39,565 - TradingEngine - INFO - ✅ Loaded trained model for ETHUSDT
2025-06-02 03:56:39,565 - TradingEngine - INFO - ✅ Enhanced ML pipeline ready for ETHUSDT
2025-06-02 03:56:39,565 - TradingEngine - INFO - Found existing model for DOTUSDT
2025-06-02 03:56:39,660 - TradingEngine - INFO - ✅ Loaded trained model for DOTUSDT
2025-06-02 03:56:39,660 - TradingEngine - INFO - ✅ Enhanced ML pipeline ready for DOTUSDT
2025-06-02 03:56:39,660 - TradingEngine - INFO - No existing model for XRPUSDT, training new model...
2025-06-02 03:56:39,660 - TradingEngine - INFO - 🎓 Training model for XRPUSDT...
2025-06-02 03:56:39,662 - TradingEngine - ERROR - ❌ Model training failed for XRPUSDT: No historical export files found for symbol XRPUSDT in /workspaces/crypto-mini-03/historical_exports
2025-06-02 03:56:39,663 - TradingEngine - INFO - ✅ Enhanced ML pipeline ready for XRPUSDT
2025-06-02 03:56:39,663 - TradingEngine - INFO - No existing model for LTCUSDT, training new model...
2025-06-02 03:56:39,663 - TradingEngine - INFO - 🎓 Training model for LTCUSDT...
2025-06-02 03:57:09,804 - TradingEngine - INFO - ✅ Model training completed for LTCUSDT
2025-06-02 03:57:09,804 - TradingEngine - INFO -    Validation accuracy: 57.9%
2025-06-02 03:57:09,804 - TradingEngine - INFO -    Strategy return: 0.0%
2025-06-02 03:57:09,804 - TradingEngine - INFO -    Executed trades: 0
2025-06-02 03:57:09,833 - TradingEngine - INFO - 💾 Model and components saved to /workspaces/crypto-mini-03/ml_results/models/LTCUSDT_improved_model.keras
2025-06-02 03:57:09,833 - TradingEngine - INFO - ✅ Enhanced ML pipeline ready for LTCUSDT
2025-06-02 03:57:09,833 - TradingEngine - INFO - 🔍 Loading existing positions from Alpaca...
2025-06-02 03:57:09,898 - TradingEngine - INFO - ✅ Loaded position: BTCUSD (long) +0.013617 @ $107157.60 (Current: $104864.44, P&L: $-31.23)
2025-06-02 03:57:09,898 - TradingEngine - INFO - ✅ Loaded position: ETHUSD (long) +0.354708 @ $2760.44 (Current: $2496.80, P&L: $-93.51)
2025-06-02 03:57:09,898 - TradingEngine - INFO - ✅ Successfully loaded 2 existing positions from Alpaca
2025-06-02 03:57:10,190 - TradingEngine - INFO - 🔍 Loading existing positions from Alpaca...
2025-06-02 03:57:10,252 - TradingEngine - INFO - ✅ Loaded position: BTCUSD (long) +0.013617 @ $107157.60 (Current: $104864.44, P&L: $-31.23)
2025-06-02 03:57:10,252 - TradingEngine - INFO - ✅ Loaded position: ETHUSD (long) +0.354708 @ $2760.44 (Current: $2496.80, P&L: $-93.51)
2025-06-02 03:57:10,252 - TradingEngine - INFO - ✅ Successfully loaded 2 existing positions from Alpaca
2025-06-02 03:57:10,377 - TradingEngine - INFO - Initialized 5 enhanced ML pipelines
2025-06-02 03:57:10,377 - TradingEngine - INFO - Processing trading signals for 5 symbols...
2025-06-02 03:57:10,377 - TradingEngine - ERROR - Error getting ML prediction for BTCUSDT: 'NoneType' object has no attribute 'tail'
2025-06-02 03:57:10,377 - TradingEngine - ERROR - Error getting ML prediction for ETHUSDT: 'NoneType' object has no attribute 'tail'
2025-06-02 03:57:10,377 - TradingEngine - ERROR - Error getting ML prediction for DOTUSDT: 'NoneType' object has no attribute 'tail'
2025-06-02 03:57:10,378 - TradingEngine - WARNING - Model not trained for XRPUSDT
2025-06-02 03:59:54,246 - TradingEngine - INFO - Processing trading signals for 4 symbols...
2025-06-02 03:59:54,401 - TradingEngine - WARNING - Model not trained for DOGEUSDT
2025-06-02 04:02:10,377 - TradingEngine - INFO - Processing trading signals for 5 symbols...
2025-06-02 04:02:10,378 - TradingEngine - ERROR - Error getting ML prediction for BTCUSDT: 'NoneType' object has no attribute 'tail'
2025-06-02 04:02:10,378 - TradingEngine - ERROR - Error getting ML prediction for ETHUSDT: 'NoneType' object has no attribute 'tail'
2025-06-02 04:02:10,378 - TradingEngine - ERROR - Error getting ML prediction for DOTUSDT: 'NoneType' object has no attribute 'tail'
2025-06-02 04:02:10,378 - TradingEngine - WARNING - Model not trained for XRPUSDT
2025-06-02 04:04:54,246 - TradingEngine - INFO - Processing trading signals for 4 symbols...
2025-06-02 04:04:54,397 - TradingEngine - WARNING - Model not trained for DOGEUSDT
2025-06-02 04:06:02,091 - TradingEngine - INFO - Trading Strategy Engine initialized
2025-06-02 04:06:02,091 - TradingEngine - INFO - Configuration: {'max_position_size': 0.05, 'max_portfolio_risk': 0.2, 'stop_loss_pct': 0.02, 'take_profit_pct': 0.04, 'min_confidence': 0.35, 'high_confidence': 0.6, 'base_position_size': 0.02, 'confidence_multiplier': 2.0, 'volatility_adjustment': True, 'max_trades_per_day': 10, 'min_time_between_trades': 300, 'paper_trading': True, 'prediction_horizon': 4, 'lookback_period': 24, 'use_binary_classification': False, 'log_level': 'INFO', 'save_trades': True, 'real_time_monitoring': True}
2025-06-02 04:06:02,092 - TradingEngine - INFO - 📁 Found historical data for 12 symbols: ['ADAUSDT', 'AVAXUSDT', 'BCHUSDT', 'BTCUSDT', 'DOTUSDT', 'ETHUSDT', 'LINKUSDT', 'LTCUSDT', 'MATICUSDT', 'SOLUSDT', 'UNIUSDT', 'XLMUSDT']
2025-06-02 04:06:02,092 - TradingEngine - INFO - ✅ BTCUSDT: Historical data available
2025-06-02 04:06:02,092 - TradingEngine - INFO - ✅ ETHUSDT: Historical data available
2025-06-02 04:06:02,092 - TradingEngine - INFO - ✅ ADAUSDT: Historical data available
2025-06-02 04:06:02,092 - TradingEngine - INFO - ✅ DOTUSDT: Historical data available
2025-06-02 04:06:02,092 - TradingEngine - INFO - ✅ LINKUSDT: Historical data available
2025-06-02 04:06:02,092 - TradingEngine - INFO - 🎯 Using 5 validated symbols: ['BTCUSDT', 'ETHUSDT', 'ADAUSDT', 'DOTUSDT', 'LINKUSDT']
2025-06-02 04:07:10,377 - TradingEngine - INFO - Processing trading signals for 5 symbols...
2025-06-02 04:07:10,378 - TradingEngine - ERROR - Error getting ML prediction for BTCUSDT: 'NoneType' object has no attribute 'tail'
2025-06-02 04:07:10,378 - TradingEngine - ERROR - Error getting ML prediction for ETHUSDT: 'NoneType' object has no attribute 'tail'
2025-06-02 04:07:10,378 - TradingEngine - ERROR - Error getting ML prediction for DOTUSDT: 'NoneType' object has no attribute 'tail'
2025-06-02 04:07:10,378 - TradingEngine - WARNING - Model not trained for XRPUSDT
2025-06-02 04:09:30,930 - TradingEngine - INFO - Received signal 2, initiating shutdown...
2025-06-02 04:09:54,247 - TradingEngine - INFO - Processing trading signals for 4 symbols...
2025-06-02 04:09:54,401 - TradingEngine - WARNING - Model not trained for DOGEUSDT
2025-06-02 04:11:23,598 - TradingEngine - INFO - Received signal 2, initiating shutdown...
2025-06-02 04:11:33,189 - TradingEngine - INFO - Received signal 2, initiating shutdown...
2025-06-02 04:12:10,377 - TradingEngine - INFO - 🛑 Stopping trading engine...
2025-06-02 04:12:10,378 - TradingEngine - INFO - Closing 2 open positions...
2025-06-02 04:12:10,378 - TradingEngine - INFO - ✅ Trading engine stopped
2025-06-02 04:37:37,607 - TradingEngine - INFO - Trading Strategy Engine initialized
2025-06-02 04:37:37,627 - TradingEngine - INFO - Configuration: {'max_position_size': 0.05, 'max_portfolio_risk': 0.2, 'stop_loss_pct': 0.02, 'take_profit_pct': 0.04, 'min_confidence': 0.35, 'high_confidence': 0.6, 'base_position_size': 0.02, 'confidence_multiplier': 2.0, 'volatility_adjustment': True, 'max_trades_per_day': 20, 'min_time_between_trades': 300, 'paper_trading': True, 'prediction_horizon': 4, 'lookback_period': 24, 'use_binary_classification': False, 'log_level': 'INFO', 'save_trades': True, 'real_time_monitoring': True}
2025-06-02 04:37:37,630 - TradingEngine - INFO - 📁 Found historical data for 12 symbols: ['ADAUSDT', 'AVAXUSDT', 'BCHUSDT', 'BTCUSDT', 'DOTUSDT', 'ETHUSDT', 'LINKUSDT', 'LTCUSDT', 'MATICUSDT', 'SOLUSDT', 'UNIUSDT', 'XLMUSDT']
2025-06-02 04:37:37,631 - TradingEngine - INFO - ✅ BTCUSDT: Historical data available
2025-06-02 04:37:37,631 - TradingEngine - INFO - ✅ ETHUSDT: Historical data available
2025-06-02 04:37:37,631 - TradingEngine - INFO - ✅ ADAUSDT: Historical data available
2025-06-02 04:37:37,631 - TradingEngine - INFO - ✅ DOTUSDT: Historical data available
2025-06-02 04:37:37,631 - TradingEngine - INFO - ✅ LINKUSDT: Historical data available
2025-06-02 04:37:37,631 - TradingEngine - INFO - 🎯 Using 5 validated symbols: ['BTCUSDT', 'ETHUSDT', 'ADAUSDT', 'DOTUSDT', 'LINKUSDT']
2025-06-02 04:37:37,631 - TradingEngine - INFO - 🚀 Starting Crypto Trading Strategy Engine...
2025-06-02 04:37:37,631 - TradingEngine - INFO - Initializing enhanced trading components...
2025-06-02 04:37:38,064 - TradingEngine - INFO - ✅ Alpaca trading client initialized
2025-06-02 04:37:38,064 - TradingEngine - INFO - Found existing model for BTCUSDT
2025-06-02 04:37:38,268 - TradingEngine - INFO - ✅ Loaded trained model for BTCUSDT
2025-06-02 04:37:38,268 - TradingEngine - INFO - ✅ Enhanced ML pipeline ready for BTCUSDT
2025-06-02 04:37:38,268 - TradingEngine - INFO - Found existing model for ETHUSDT
2025-06-02 04:37:38,359 - TradingEngine - INFO - ✅ Loaded trained model for ETHUSDT
2025-06-02 04:37:38,359 - TradingEngine - INFO - ✅ Enhanced ML pipeline ready for ETHUSDT
2025-06-02 04:37:38,364 - TradingEngine - INFO - No existing model for ADAUSDT, training new model...
2025-06-02 04:37:38,364 - TradingEngine - INFO - 🎓 Training model for ADAUSDT...
2025-06-02 04:38:36,331 - TradingEngine - INFO - ✅ Model training completed for ADAUSDT
2025-06-02 04:38:36,331 - TradingEngine - INFO -    Validation accuracy: 51.7%
2025-06-02 04:38:36,331 - TradingEngine - INFO -    Strategy return: -21.6%
2025-06-02 04:38:36,331 - TradingEngine - INFO -    Executed trades: 7
2025-06-02 04:38:36,371 - TradingEngine - INFO - 💾 Model and components saved to /workspaces/crypto-mini-03/ml_results/models/ADAUSDT_improved_model.keras
2025-06-02 04:38:36,371 - TradingEngine - INFO - ✅ Enhanced ML pipeline ready for ADAUSDT
2025-06-02 04:38:36,371 - TradingEngine - INFO - Found existing model for DOTUSDT
2025-06-02 04:38:36,467 - TradingEngine - INFO - ✅ Loaded trained model for DOTUSDT
2025-06-02 04:38:36,467 - TradingEngine - INFO - ✅ Enhanced ML pipeline ready for DOTUSDT
2025-06-02 04:38:36,467 - TradingEngine - INFO - No existing model for LINKUSDT, training new model...
2025-06-02 04:38:36,467 - TradingEngine - INFO - 🎓 Training model for LINKUSDT...
2025-06-02 04:39:21,411 - TradingEngine - INFO - ✅ Model training completed for LINKUSDT
2025-06-02 04:39:21,411 - TradingEngine - INFO -    Validation accuracy: 50.9%
2025-06-02 04:39:21,411 - TradingEngine - INFO -    Strategy return: 0.0%
2025-06-02 04:39:21,411 - TradingEngine - INFO -    Executed trades: 0
2025-06-02 04:39:21,438 - TradingEngine - INFO - 💾 Model and components saved to /workspaces/crypto-mini-03/ml_results/models/LINKUSDT_improved_model.keras
2025-06-02 04:39:21,438 - TradingEngine - INFO - ✅ Enhanced ML pipeline ready for LINKUSDT
2025-06-02 04:39:21,438 - TradingEngine - INFO - 🔍 Loading existing positions from Alpaca...
2025-06-02 04:39:21,633 - TradingEngine - INFO - ✅ Loaded position: BTCUSD (long) +0.013617 @ $107157.60 (Current: $104907.10, P&L: $-30.65)
2025-06-02 04:39:21,633 - TradingEngine - INFO - ✅ Loaded position: ETHUSD (long) +0.354708 @ $2760.44 (Current: $2496.71, P&L: $-93.54)
2025-06-02 04:39:21,633 - TradingEngine - INFO - ✅ Successfully loaded 2 existing positions from Alpaca
2025-06-02 04:39:21,882 - TradingEngine - INFO - 🔍 Loading existing positions from Alpaca...
2025-06-02 04:39:21,944 - TradingEngine - INFO - ✅ Loaded position: BTCUSD (long) +0.013617 @ $107157.60 (Current: $104907.10, P&L: $-30.65)
2025-06-02 04:39:21,944 - TradingEngine - INFO - ✅ Loaded position: ETHUSD (long) +0.354708 @ $2760.44 (Current: $2496.71, P&L: $-93.54)
2025-06-02 04:39:21,944 - TradingEngine - INFO - ✅ Successfully loaded 2 existing positions from Alpaca
2025-06-02 04:39:22,070 - TradingEngine - INFO - Initialized 5 enhanced ML pipelines
2025-06-02 04:39:22,071 - TradingEngine - INFO - Processing trading signals for 5 symbols...
2025-06-02 04:39:22,071 - TradingEngine - ERROR - Error getting ML prediction for BTCUSDT: 'NoneType' object has no attribute 'tail'
2025-06-02 04:39:22,071 - TradingEngine - ERROR - Error getting ML prediction for ETHUSDT: 'NoneType' object has no attribute 'tail'
2025-06-02 04:39:22,144 - TradingEngine - ERROR - Error getting ML prediction for DOTUSDT: 'NoneType' object has no attribute 'tail'
2025-06-02 04:44:22,071 - TradingEngine - INFO - Processing trading signals for 5 symbols...
2025-06-02 04:44:22,071 - TradingEngine - ERROR - Error getting ML prediction for BTCUSDT: 'NoneType' object has no attribute 'tail'
2025-06-02 04:44:22,071 - TradingEngine - ERROR - Error getting ML prediction for ETHUSDT: 'NoneType' object has no attribute 'tail'
2025-06-02 04:44:22,121 - TradingEngine - ERROR - Error getting ML prediction for DOTUSDT: 'NoneType' object has no attribute 'tail'
2025-06-02 04:49:22,071 - TradingEngine - INFO - Processing trading signals for 5 symbols...
2025-06-02 04:49:22,071 - TradingEngine - ERROR - Error getting ML prediction for BTCUSDT: 'NoneType' object has no attribute 'tail'
2025-06-02 04:49:22,071 - TradingEngine - ERROR - Error getting ML prediction for ETHUSDT: 'NoneType' object has no attribute 'tail'
2025-06-02 04:49:22,120 - TradingEngine - ERROR - Error getting ML prediction for DOTUSDT: 'NoneType' object has no attribute 'tail'
2025-06-02 04:54:22,071 - TradingEngine - INFO - Processing trading signals for 5 symbols...
2025-06-02 04:54:22,071 - TradingEngine - ERROR - Error getting ML prediction for BTCUSDT: 'NoneType' object has no attribute 'tail'
2025-06-02 04:54:22,071 - TradingEngine - ERROR - Error getting ML prediction for ETHUSDT: 'NoneType' object has no attribute 'tail'
2025-06-02 04:54:22,120 - TradingEngine - ERROR - Error getting ML prediction for DOTUSDT: 'NoneType' object has no attribute 'tail'
2025-06-02 04:54:37,760 - TradingEngine - INFO - Received signal 2, initiating shutdown...
2025-06-02 04:59:22,071 - TradingEngine - INFO - 🛑 Stopping trading engine...
2025-06-02 04:59:22,071 - TradingEngine - INFO - Closing 2 open positions...
2025-06-02 04:59:22,072 - TradingEngine - INFO - ✅ Trading engine stopped
2025-06-02 05:11:32,545 - TradingEngine - INFO - 🚀 Trading Strategy Engine initialized
2025-06-02 05:11:32,545 - TradingEngine - INFO - Configuration: {'max_position_size': 0.05, 'max_portfolio_risk': 0.2, 'stop_loss_pct': 0.02, 'take_profit_pct': 0.04, 'dynamic_stop_loss': True, 'trailing_stop_loss': True, 'min_confidence': 0.35, 'high_confidence': 0.6, 'base_position_size': 0.02, 'confidence_multiplier': 2.0, 'volatility_adjustment': True, 'max_trades_per_day': 20, 'min_time_between_trades': 300, 'paper_trading': True, 'prediction_horizon': 4, 'lookback_period': 24, 'use_binary_classification': False, 'log_level': 'INFO', 'save_trades': True, 'real_time_monitoring': True}
2025-06-02 05:11:32,545 - TradingEngine - INFO - 📁 Found historical data for 12 symbols: ['ADAUSDT', 'AVAXUSDT', 'BCHUSDT', 'BTCUSDT', 'DOTUSDT', 'ETHUSDT', 'LINKUSDT', 'LTCUSDT', 'MATICUSDT', 'SOLUSDT', 'UNIUSDT', 'XLMUSDT']
2025-06-02 05:11:32,545 - TradingEngine - INFO - ✅ BTCUSDT: Historical data available
2025-06-02 05:11:32,546 - TradingEngine - INFO - ✅ ETHUSDT: Historical data available
2025-06-02 05:11:32,546 - TradingEngine - INFO - ✅ ADAUSDT: Historical data available
2025-06-02 05:11:32,546 - TradingEngine - INFO - ✅ DOTUSDT: Historical data available
2025-06-02 05:11:32,546 - TradingEngine - INFO - ✅ LINKUSDT: Historical data available
2025-06-02 05:11:32,546 - TradingEngine - INFO - 🎯 Using 5 validated symbols: ['BTCUSDT', 'ETHUSDT', 'ADAUSDT', 'DOTUSDT', 'LINKUSDT']
2025-06-02 05:11:32,546 - TradingEngine - INFO - 🚀 Starting Crypto Trading Strategy Engine...
2025-06-02 05:11:32,546 - TradingEngine - INFO - 🔧 Initializing trading components...
2025-06-02 05:11:32,854 - TradingEngine - INFO - ✅ Alpaca trading client initialized
2025-06-02 05:11:33,501 - TradingEngine - INFO - ✅ All components initialized successfully
2025-06-02 05:11:33,501 - TradingEngine - INFO - 📡 Processing trading signals for 5 symbols...
2025-06-02 05:30:07,958 - TradingEngine - INFO - 🚀 Trading Strategy Engine initialized
2025-06-02 05:30:07,958 - TradingEngine - INFO - Configuration: {'max_position_size': 0.05, 'max_portfolio_risk': 0.2, 'stop_loss_pct': 0.02, 'take_profit_pct': 0.04, 'dynamic_stop_loss': True, 'trailing_stop_loss': True, 'min_confidence': 0.35, 'high_confidence': 0.6, 'base_position_size': 0.02, 'confidence_multiplier': 2.0, 'volatility_adjustment': True, 'max_trades_per_day': 20, 'min_time_between_trades': 300, 'paper_trading': True, 'prediction_horizon': 4, 'lookback_period': 24, 'use_binary_classification': False, 'log_level': 'INFO', 'save_trades': True, 'real_time_monitoring': True}
2025-06-02 05:30:07,959 - TradingEngine - INFO - 📁 Found historical data for 12 symbols: ['ADAUSDT', 'AVAXUSDT', 'BCHUSDT', 'BTCUSDT', 'DOTUSDT', 'ETHUSDT', 'LINKUSDT', 'LTCUSDT', 'MATICUSDT', 'SOLUSDT', 'UNIUSDT', 'XLMUSDT']
2025-06-02 05:30:07,959 - TradingEngine - INFO - ✅ BTCUSDT: Historical data available
2025-06-02 05:30:07,959 - TradingEngine - INFO - ✅ ETHUSDT: Historical data available
2025-06-02 05:30:07,959 - TradingEngine - INFO - ✅ ADAUSDT: Historical data available
2025-06-02 05:30:07,959 - TradingEngine - INFO - ✅ DOTUSDT: Historical data available
2025-06-02 05:30:07,959 - TradingEngine - INFO - ✅ LINKUSDT: Historical data available
2025-06-02 05:30:07,959 - TradingEngine - INFO - 🎯 Using 5 validated symbols: ['BTCUSDT', 'ETHUSDT', 'ADAUSDT', 'DOTUSDT', 'LINKUSDT']
2025-06-02 05:30:07,960 - TradingEngine - INFO - 🚀 Starting Crypto Trading Strategy Engine...
2025-06-02 05:30:07,960 - TradingEngine - INFO - 🔧 Initializing trading components...
2025-06-02 05:30:08,268 - TradingEngine - INFO - ✅ Alpaca trading client initialized
2025-06-02 05:30:08,922 - TradingEngine - INFO - ✅ All components initialized successfully
2025-06-02 05:30:08,922 - TradingEngine - INFO - 📡 Processing trading signals for 5 symbols...
2025-06-02 05:31:08,871 - TradingEngine - INFO - 🚀 Trading Strategy Engine initialized
2025-06-02 05:31:08,871 - TradingEngine - INFO - Configuration: {'max_position_size': 0.05, 'max_portfolio_risk': 0.2, 'stop_loss_pct': 0.02, 'take_profit_pct': 0.04, 'dynamic_stop_loss': True, 'trailing_stop_loss': True, 'min_confidence': 0.35, 'high_confidence': 0.6, 'base_position_size': 0.02, 'confidence_multiplier': 2.0, 'volatility_adjustment': True, 'max_trades_per_day': 20, 'min_time_between_trades': 300, 'paper_trading': True, 'prediction_horizon': 4, 'lookback_period': 24, 'use_binary_classification': False, 'log_level': 'INFO', 'save_trades': True, 'real_time_monitoring': True}
2025-06-02 05:31:08,872 - TradingEngine - INFO - 📁 Found historical data for 12 symbols: ['ADAUSDT', 'AVAXUSDT', 'BCHUSDT', 'BTCUSDT', 'DOTUSDT', 'ETHUSDT', 'LINKUSDT', 'LTCUSDT', 'MATICUSDT', 'SOLUSDT', 'UNIUSDT', 'XLMUSDT']
2025-06-02 05:31:08,872 - TradingEngine - INFO - ✅ BTCUSDT: Historical data available
2025-06-02 05:31:08,872 - TradingEngine - INFO - ✅ ETHUSDT: Historical data available
2025-06-02 05:31:08,872 - TradingEngine - INFO - ✅ ADAUSDT: Historical data available
2025-06-02 05:31:08,872 - TradingEngine - INFO - ✅ DOTUSDT: Historical data available
2025-06-02 05:31:08,873 - TradingEngine - INFO - ✅ LINKUSDT: Historical data available
2025-06-02 05:31:08,873 - TradingEngine - INFO - 🎯 Using 5 validated symbols: ['BTCUSDT', 'ETHUSDT', 'ADAUSDT', 'DOTUSDT', 'LINKUSDT']
2025-06-02 05:31:08,873 - TradingEngine - INFO - 🚀 Starting Crypto Trading Strategy Engine...
2025-06-02 05:31:08,873 - TradingEngine - INFO - 🔧 Initializing trading components...
2025-06-02 05:31:09,071 - TradingEngine - INFO - ✅ Alpaca trading client initialized
2025-06-02 05:31:09,789 - TradingEngine - INFO - ✅ All components initialized successfully
2025-06-02 05:31:09,790 - TradingEngine - INFO - 📡 Processing trading signals for 5 symbols...
2025-06-02 05:31:49,833 - TradingEngine - INFO - 🚀 Trading Strategy Engine initialized
2025-06-02 05:31:49,833 - TradingEngine - INFO - Configuration: {'max_position_size': 0.05, 'max_portfolio_risk': 0.2, 'stop_loss_pct': 0.02, 'take_profit_pct': 0.04, 'dynamic_stop_loss': True, 'trailing_stop_loss': True, 'min_confidence': 0.35, 'high_confidence': 0.6, 'base_position_size': 0.02, 'confidence_multiplier': 2.0, 'volatility_adjustment': True, 'max_trades_per_day': 20, 'min_time_between_trades': 300, 'paper_trading': True, 'prediction_horizon': 4, 'lookback_period': 24, 'use_binary_classification': False, 'log_level': 'INFO', 'save_trades': True, 'real_time_monitoring': True}
2025-06-02 05:31:49,834 - TradingEngine - INFO - 📁 Found historical data for 12 symbols: ['ADAUSDT', 'AVAXUSDT', 'BCHUSDT', 'BTCUSDT', 'DOTUSDT', 'ETHUSDT', 'LINKUSDT', 'LTCUSDT', 'MATICUSDT', 'SOLUSDT', 'UNIUSDT', 'XLMUSDT']
2025-06-02 05:31:49,834 - TradingEngine - INFO - ✅ BTCUSDT: Historical data available
2025-06-02 05:31:49,834 - TradingEngine - INFO - ✅ ETHUSDT: Historical data available
2025-06-02 05:31:49,834 - TradingEngine - INFO - ✅ ADAUSDT: Historical data available
2025-06-02 05:31:49,834 - TradingEngine - INFO - ✅ DOTUSDT: Historical data available
2025-06-02 05:31:49,834 - TradingEngine - INFO - ✅ LINKUSDT: Historical data available
2025-06-02 05:31:49,834 - TradingEngine - INFO - 🎯 Using 5 validated symbols: ['BTCUSDT', 'ETHUSDT', 'ADAUSDT', 'DOTUSDT', 'LINKUSDT']
2025-06-02 05:31:49,834 - TradingEngine - INFO - 🚀 Starting Crypto Trading Strategy Engine...
2025-06-02 05:31:49,835 - TradingEngine - INFO - 🔧 Initializing trading components...
2025-06-02 05:31:50,031 - TradingEngine - INFO - ✅ Alpaca trading client initialized
2025-06-02 05:31:50,730 - TradingEngine - INFO - ✅ All components initialized successfully
2025-06-02 05:31:50,730 - TradingEngine - INFO - 📡 Processing trading signals for 5 symbols...
2025-06-02 05:32:15,247 - TradingEngine - INFO - Received signal 2, stopping trading...
2025-06-02 05:35:08,922 - TradingEngine - INFO - 📡 Processing trading signals for 5 symbols...
2025-06-02 05:35:22,943 - TradingEngine - INFO - 🚀 Trading Strategy Engine initialized
2025-06-02 05:35:22,944 - TradingEngine - INFO - Configuration: {'max_position_size': 0.05, 'max_portfolio_risk': 0.2, 'stop_loss_pct': 0.02, 'take_profit_pct': 0.04, 'dynamic_stop_loss': True, 'trailing_stop_loss': True, 'min_confidence': 0.35, 'high_confidence': 0.6, 'base_position_size': 0.02, 'confidence_multiplier': 2.0, 'volatility_adjustment': True, 'max_trades_per_day': 20, 'min_time_between_trades': 300, 'paper_trading': True, 'prediction_horizon': 4, 'lookback_period': 24, 'use_binary_classification': False, 'log_level': 'INFO', 'save_trades': True, 'real_time_monitoring': True}
2025-06-02 05:35:22,944 - TradingEngine - INFO - 📁 Found historical data for 12 symbols: ['ADAUSDT', 'AVAXUSDT', 'BCHUSDT', 'BTCUSDT', 'DOTUSDT', 'ETHUSDT', 'LINKUSDT', 'LTCUSDT', 'MATICUSDT', 'SOLUSDT', 'UNIUSDT', 'XLMUSDT']
2025-06-02 05:35:22,944 - TradingEngine - INFO - ✅ BTCUSDT: Historical data available
2025-06-02 05:35:22,944 - TradingEngine - INFO - ✅ ETHUSDT: Historical data available
2025-06-02 05:35:22,944 - TradingEngine - INFO - ✅ ADAUSDT: Historical data available
2025-06-02 05:35:22,944 - TradingEngine - INFO - ✅ DOTUSDT: Historical data available
2025-06-02 05:35:22,944 - TradingEngine - INFO - ✅ LINKUSDT: Historical data available
2025-06-02 05:35:22,945 - TradingEngine - INFO - 🎯 Using 5 validated symbols: ['BTCUSDT', 'ETHUSDT', 'ADAUSDT', 'DOTUSDT', 'LINKUSDT']
2025-06-02 05:35:22,945 - TradingEngine - INFO - 🚀 Starting Crypto Trading Strategy Engine...
2025-06-02 05:35:22,945 - TradingEngine - INFO - 🔧 Initializing trading components...
2025-06-02 05:35:22,945 - TradingEngine - INFO - 🔄 Symbol conversion: ['BTCUSDT', 'ETHUSDT', 'ADAUSDT', 'DOTUSDT', 'LINKUSDT'] -> ['BTC/USD', 'ETH/USD', 'ADA/USD', 'DOT/USD', 'LINK/USD']
2025-06-02 05:35:23,142 - TradingEngine - INFO - ✅ Alpaca trading client initialized
2025-06-02 05:35:23,883 - TradingEngine - INFO - ✅ All components initialized successfully
2025-06-02 05:35:23,883 - TradingEngine - INFO - 📡 Processing trading signals for 5 symbols...
2025-06-02 05:35:39,089 - TradingEngine - INFO - 🚀 Trading Strategy Engine initialized
2025-06-02 05:35:39,090 - TradingEngine - INFO - Configuration: {'max_position_size': 0.05, 'max_portfolio_risk': 0.2, 'stop_loss_pct': 0.02, 'take_profit_pct': 0.04, 'dynamic_stop_loss': True, 'trailing_stop_loss': True, 'min_confidence': 0.35, 'high_confidence': 0.6, 'base_position_size': 0.02, 'confidence_multiplier': 2.0, 'volatility_adjustment': True, 'max_trades_per_day': 20, 'min_time_between_trades': 300, 'paper_trading': True, 'prediction_horizon': 4, 'lookback_period': 24, 'use_binary_classification': False, 'log_level': 'INFO', 'save_trades': True, 'real_time_monitoring': True}
2025-06-02 05:35:39,090 - TradingEngine - INFO - 📁 Found historical data for 12 symbols: ['ADAUSDT', 'AVAXUSDT', 'BCHUSDT', 'BTCUSDT', 'DOTUSDT', 'ETHUSDT', 'LINKUSDT', 'LTCUSDT', 'MATICUSDT', 'SOLUSDT', 'UNIUSDT', 'XLMUSDT']
2025-06-02 05:35:39,090 - TradingEngine - INFO - ✅ BTCUSDT: Historical data available
2025-06-02 05:35:39,090 - TradingEngine - INFO - ✅ ETHUSDT: Historical data available
2025-06-02 05:35:39,090 - TradingEngine - INFO - ✅ ADAUSDT: Historical data available
2025-06-02 05:35:39,090 - TradingEngine - INFO - ✅ DOTUSDT: Historical data available
2025-06-02 05:35:39,090 - TradingEngine - INFO - ✅ LINKUSDT: Historical data available
2025-06-02 05:35:39,090 - TradingEngine - INFO - 🎯 Using 5 validated symbols: ['BTCUSDT', 'ETHUSDT', 'ADAUSDT', 'DOTUSDT', 'LINKUSDT']
2025-06-02 05:35:39,091 - TradingEngine - INFO - 🚀 Starting Crypto Trading Strategy Engine...
2025-06-02 05:35:39,091 - TradingEngine - INFO - 🔧 Initializing trading components...
2025-06-02 05:35:39,091 - TradingEngine - INFO - 🔄 Symbol conversion: ['BTCUSDT', 'ETHUSDT', 'ADAUSDT', 'DOTUSDT', 'LINKUSDT'] -> ['BTC/USD', 'ETH/USD', 'ADA/USD', 'DOT/USD', 'LINK/USD']
2025-06-02 05:35:39,273 - TradingEngine - INFO - ✅ Alpaca trading client initialized
2025-06-02 05:35:40,053 - TradingEngine - INFO - ✅ All components initialized successfully
2025-06-02 05:35:40,054 - TradingEngine - INFO - 📡 Processing trading signals for 5 symbols...
2025-06-02 05:36:09,790 - TradingEngine - INFO - 📡 Processing trading signals for 5 symbols...
2025-06-02 05:36:35,302 - TradingEngine - INFO - Received signal 15, stopping trading...
2025-06-02 05:37:12,434 - TradingEngine - INFO - Received signal 2, stopping trading...
2025-06-02 05:37:21,047 - TradingEngine - INFO - Received signal 2, stopping trading...
2025-06-02 05:37:22,410 - TradingEngine - INFO - Received signal 2, stopping trading...
2025-06-02 05:37:23,354 - TradingEngine - INFO - Received signal 2, stopping trading...
2025-06-02 05:40:08,922 - TradingEngine - INFO - 📡 Processing trading signals for 5 symbols...
2025-06-02 05:40:23,884 - TradingEngine - INFO - 📡 Processing trading signals for 5 symbols...
2025-06-02 05:40:40,054 - TradingEngine - INFO - 🛑 Stopping trading engine...
2025-06-02 05:40:40,055 - TradingEngine - INFO - ✅ Trading engine stopped
2025-06-02 05:41:09,790 - TradingEngine - INFO - 📡 Processing trading signals for 5 symbols...
2025-06-02 05:41:56,233 - TradingEngine - INFO - 🚀 Trading Strategy Engine initialized
2025-06-02 05:41:56,234 - TradingEngine - INFO - Configuration: {'max_position_size': 0.05, 'max_portfolio_risk': 0.2, 'stop_loss_pct': 0.02, 'take_profit_pct': 0.04, 'dynamic_stop_loss': True, 'trailing_stop_loss': True, 'min_confidence': 0.3, 'high_confidence': 0.6, 'base_position_size': 0.02, 'confidence_multiplier': 2.0, 'volatility_adjustment': True, 'max_trades_per_day': 10, 'min_time_between_trades': 300, 'paper_trading': True, 'prediction_horizon': 4, 'lookback_period': 24, 'use_binary_classification': False, 'log_level': 'INFO', 'save_trades': True, 'real_time_monitoring': True}
2025-06-02 05:45:00,149 - TradingEngine - INFO - 🚀 Trading Strategy Engine initialized
2025-06-02 05:45:00,149 - TradingEngine - INFO - Configuration: {'max_position_size': 0.05, 'max_portfolio_risk': 0.2, 'stop_loss_pct': 0.02, 'take_profit_pct': 0.04, 'dynamic_stop_loss': True, 'trailing_stop_loss': True, 'min_confidence': 0.35, 'high_confidence': 0.6, 'base_position_size': 0.02, 'confidence_multiplier': 2.0, 'volatility_adjustment': True, 'max_trades_per_day': 20, 'min_time_between_trades': 300, 'paper_trading': True, 'prediction_horizon': 4, 'lookback_period': 24, 'use_binary_classification': False, 'log_level': 'INFO', 'save_trades': True, 'real_time_monitoring': True}
2025-06-02 05:45:08,922 - TradingEngine - INFO - 📡 Processing trading signals for 5 symbols...
2025-06-02 05:45:23,884 - TradingEngine - INFO - 📡 Processing trading signals for 5 symbols...
2025-06-02 05:45:40,177 - TradingEngine - INFO - 🚀 Trading Strategy Engine initialized
2025-06-02 05:45:40,177 - TradingEngine - INFO - Configuration: {'max_position_size': 0.05, 'max_portfolio_risk': 0.2, 'stop_loss_pct': 0.02, 'take_profit_pct': 0.04, 'dynamic_stop_loss': True, 'trailing_stop_loss': True, 'min_confidence': 0.35, 'high_confidence': 0.6, 'base_position_size': 0.02, 'confidence_multiplier': 2.0, 'volatility_adjustment': True, 'max_trades_per_day': 20, 'min_time_between_trades': 300, 'paper_trading': True, 'prediction_horizon': 4, 'lookback_period': 24, 'use_binary_classification': False, 'log_level': 'INFO', 'save_trades': True, 'real_time_monitoring': True}
2025-06-02 05:45:40,177 - TradingEngine - INFO - 📁 Found historical data for 12 symbols: ['ADAUSDT', 'AVAXUSDT', 'BCHUSDT', 'BTCUSDT', 'DOTUSDT', 'ETHUSDT', 'LINKUSDT', 'LTCUSDT', 'MATICUSDT', 'SOLUSDT', 'UNIUSDT', 'XLMUSDT']
2025-06-02 05:45:40,177 - TradingEngine - INFO - ✅ BTCUSDT: Historical data available
2025-06-02 05:45:40,178 - TradingEngine - INFO - ✅ ETHUSDT: Historical data available
2025-06-02 05:45:40,178 - TradingEngine - INFO - ✅ ADAUSDT: Historical data available
2025-06-02 05:45:40,178 - TradingEngine - INFO - 🎯 Using 3 validated symbols: ['BTCUSDT', 'ETHUSDT', 'ADAUSDT']
2025-06-02 05:45:40,178 - TradingEngine - INFO - 🔧 Initializing trading components...
2025-06-02 05:45:40,178 - TradingEngine - INFO - 🔄 Symbol conversion: ['BTCUSDT', 'ETHUSDT', 'ADAUSDT'] -> ['BTC/USD', 'ETH/USD', 'ADA/USD']
2025-06-02 05:45:40,366 - TradingEngine - INFO - ✅ Alpaca trading client initialized
2025-06-02 05:45:40,844 - TradingEngine - INFO - ✅ All components initialized successfully
2025-06-02 05:45:40,844 - TradingEngine - INFO - 🛑 Stopping trading engine...
2025-06-02 05:45:40,845 - TradingEngine - INFO - ✅ Trading engine stopped
2025-06-02 05:46:09,790 - TradingEngine - INFO - 📡 Processing trading signals for 5 symbols...
2025-06-02 05:46:19,319 - TradingEngine - INFO - 🚀 Trading Strategy Engine initialized
2025-06-02 05:46:19,319 - TradingEngine - INFO - Configuration: {'max_position_size': 0.05, 'max_portfolio_risk': 0.2, 'stop_loss_pct': 0.02, 'take_profit_pct': 0.04, 'dynamic_stop_loss': True, 'trailing_stop_loss': True, 'min_confidence': 0.35, 'high_confidence': 0.6, 'base_position_size': 0.02, 'confidence_multiplier': 2.0, 'volatility_adjustment': True, 'max_trades_per_day': 20, 'min_time_between_trades': 300, 'paper_trading': True, 'prediction_horizon': 4, 'lookback_period': 24, 'use_binary_classification': False, 'log_level': 'INFO', 'save_trades': True, 'real_time_monitoring': True}
2025-06-02 05:46:19,319 - TradingEngine - INFO - 📁 Found historical data for 12 symbols: ['ADAUSDT', 'AVAXUSDT', 'BCHUSDT', 'BTCUSDT', 'DOTUSDT', 'ETHUSDT', 'LINKUSDT', 'LTCUSDT', 'MATICUSDT', 'SOLUSDT', 'UNIUSDT', 'XLMUSDT']
2025-06-02 05:46:19,319 - TradingEngine - INFO - ✅ BTCUSDT: Historical data available
2025-06-02 05:46:19,319 - TradingEngine - INFO - ✅ ETHUSDT: Historical data available
2025-06-02 05:46:19,319 - TradingEngine - INFO - ✅ ADAUSDT: Historical data available
2025-06-02 05:46:19,319 - TradingEngine - INFO - ✅ DOTUSDT: Historical data available
2025-06-02 05:46:19,320 - TradingEngine - INFO - ✅ LINKUSDT: Historical data available
2025-06-02 05:46:19,320 - TradingEngine - INFO - 🎯 Using 5 validated symbols: ['BTCUSDT', 'ETHUSDT', 'ADAUSDT', 'DOTUSDT', 'LINKUSDT']
2025-06-02 05:46:19,320 - TradingEngine - INFO - 🚀 Starting Crypto Trading Strategy Engine...
2025-06-02 05:46:19,320 - TradingEngine - INFO - 🔧 Initializing trading components...
2025-06-02 05:46:19,320 - TradingEngine - INFO - 🔄 Symbol conversion: ['BTCUSDT', 'ETHUSDT', 'ADAUSDT', 'DOTUSDT', 'LINKUSDT'] -> ['BTC/USD', 'ETH/USD', 'ADA/USD', 'DOT/USD', 'LINK/USD']
2025-06-02 05:46:19,507 - TradingEngine - INFO - ✅ Alpaca trading client initialized
2025-06-02 05:46:20,206 - TradingEngine - INFO - ✅ All components initialized successfully
2025-06-02 05:46:20,208 - TradingEngine - INFO - 📡 Processing trading signals for 5 symbols...
2025-06-02 05:48:36,395 - TradingEngine - INFO - 🚀 Trading Strategy Engine initialized
2025-06-02 05:48:36,395 - TradingEngine - INFO - Configuration: {'max_position_size': 0.05, 'max_portfolio_risk': 0.2, 'stop_loss_pct': 0.02, 'take_profit_pct': 0.04, 'dynamic_stop_loss': True, 'trailing_stop_loss': True, 'min_confidence': 0.35, 'high_confidence': 0.6, 'base_position_size': 0.02, 'confidence_multiplier': 2.0, 'volatility_adjustment': True, 'max_trades_per_day': 20, 'min_time_between_trades': 300, 'paper_trading': True, 'prediction_horizon': 4, 'lookback_period': 24, 'use_binary_classification': False, 'log_level': 'INFO', 'save_trades': True, 'real_time_monitoring': True}
2025-06-02 05:48:36,396 - TradingEngine - INFO - 📁 Found historical data for 12 symbols: ['ADAUSDT', 'AVAXUSDT', 'BCHUSDT', 'BTCUSDT', 'DOTUSDT', 'ETHUSDT', 'LINKUSDT', 'LTCUSDT', 'MATICUSDT', 'SOLUSDT', 'UNIUSDT', 'XLMUSDT']
2025-06-02 05:48:36,396 - TradingEngine - INFO - ✅ BTCUSDT: Historical data available
2025-06-02 05:48:36,396 - TradingEngine - INFO - ✅ ETHUSDT: Historical data available
2025-06-02 05:48:36,396 - TradingEngine - INFO - ✅ ADAUSDT: Historical data available
2025-06-02 05:48:36,396 - TradingEngine - INFO - ✅ DOTUSDT: Historical data available
2025-06-02 05:48:36,396 - TradingEngine - INFO - ✅ LINKUSDT: Historical data available
2025-06-02 05:48:36,396 - TradingEngine - INFO - 🎯 Using 5 validated symbols: ['BTCUSDT', 'ETHUSDT', 'ADAUSDT', 'DOTUSDT', 'LINKUSDT']
2025-06-02 05:48:36,396 - TradingEngine - INFO - 🚀 Starting Crypto Trading Strategy Engine...
2025-06-02 05:48:36,396 - TradingEngine - INFO - 🔧 Initializing trading components...
2025-06-02 05:48:36,397 - TradingEngine - INFO - 🔄 Symbol conversion: ['BTCUSDT', 'ETHUSDT', 'ADAUSDT', 'DOTUSDT', 'LINKUSDT'] -> ['BTC/USD', 'ETH/USD', 'ADA/USD', 'DOT/USD', 'LINK/USD']
2025-06-02 05:48:36,583 - TradingEngine - INFO - ✅ Alpaca trading client initialized
2025-06-02 05:48:37,238 - TradingEngine - INFO - ✅ All components initialized successfully
2025-06-02 05:48:37,238 - TradingEngine - INFO - 📡 Processing trading signals for 5 symbols...
2025-06-02 05:49:34,414 - TradingEngine - INFO - Received signal 2, stopping trading...
2025-06-02 05:50:08,922 - TradingEngine - INFO - 📡 Processing trading signals for 5 symbols...
2025-06-02 05:50:23,884 - TradingEngine - INFO - 📡 Processing trading signals for 5 symbols...
2025-06-02 05:51:09,790 - TradingEngine - INFO - 📡 Processing trading signals for 5 symbols...
2025-06-02 05:51:20,208 - TradingEngine - INFO - 📡 Processing trading signals for 5 symbols...
2025-06-02 05:54:38,116 - TradingEngine - INFO - 🚀 Trading Strategy Engine initialized
2025-06-02 05:54:38,116 - TradingEngine - INFO - Configuration: {'max_position_size': 0.05, 'max_portfolio_risk': 0.2, 'stop_loss_pct': 0.02, 'take_profit_pct': 0.04, 'dynamic_stop_loss': True, 'trailing_stop_loss': True, 'min_confidence': 0.35, 'high_confidence': 0.6, 'base_position_size': 0.02, 'confidence_multiplier': 2.0, 'volatility_adjustment': True, 'max_trades_per_day': 20, 'min_time_between_trades': 300, 'paper_trading': True, 'prediction_horizon': 4, 'lookback_period': 24, 'use_binary_classification': False, 'log_level': 'INFO', 'save_trades': True, 'real_time_monitoring': True}
2025-06-02 05:54:38,116 - TradingEngine - INFO - 📁 Found historical data for 12 symbols: ['ADAUSDT', 'AVAXUSDT', 'BCHUSDT', 'BTCUSDT', 'DOTUSDT', 'ETHUSDT', 'LINKUSDT', 'LTCUSDT', 'MATICUSDT', 'SOLUSDT', 'UNIUSDT', 'XLMUSDT']
2025-06-02 05:54:38,116 - TradingEngine - INFO - ✅ BTCUSDT: Historical data available
2025-06-02 05:54:38,116 - TradingEngine - INFO - ✅ ETHUSDT: Historical data available
2025-06-02 05:54:38,117 - TradingEngine - INFO - ✅ ADAUSDT: Historical data available
2025-06-02 05:54:38,117 - TradingEngine - INFO - ✅ DOTUSDT: Historical data available
2025-06-02 05:54:38,117 - TradingEngine - INFO - ✅ LINKUSDT: Historical data available
2025-06-02 05:54:38,117 - TradingEngine - INFO - 🎯 Using 5 validated symbols: ['BTCUSDT', 'ETHUSDT', 'ADAUSDT', 'DOTUSDT', 'LINKUSDT']
2025-06-02 05:54:38,117 - TradingEngine - INFO - 🚀 Starting Crypto Trading Strategy Engine...
2025-06-02 05:54:38,117 - TradingEngine - INFO - 🔧 Initializing trading components...
2025-06-02 05:54:38,117 - TradingEngine - INFO - 🔄 Symbol conversion: ['BTCUSDT', 'ETHUSDT', 'ADAUSDT', 'DOTUSDT', 'LINKUSDT'] -> ['BTC/USD', 'ETH/USD', 'ADA/USD', 'DOT/USD', 'LINK/USD']
2025-06-02 05:54:38,315 - TradingEngine - INFO - ✅ Alpaca trading client initialized
2025-06-02 05:54:38,999 - TradingEngine - INFO - ✅ All components initialized successfully
2025-06-02 05:54:39,000 - TradingEngine - INFO - 📡 Processing trading signals for 5 symbols...
2025-06-02 05:55:08,923 - TradingEngine - INFO - 📡 Processing trading signals for 5 symbols...
2025-06-02 05:55:23,884 - TradingEngine - INFO - 📡 Processing trading signals for 5 symbols...
2025-06-02 05:56:09,790 - TradingEngine - INFO - 📡 Processing trading signals for 5 symbols...
2025-06-02 05:56:20,208 - TradingEngine - INFO - 📡 Processing trading signals for 5 symbols...
2025-06-02 05:59:13,082 - TradingEngine - INFO - Received signal 2, stopping trading...
2025-06-02 05:59:39,000 - TradingEngine - INFO - 🛑 Stopping trading engine...
2025-06-02 05:59:39,001 - TradingEngine - INFO - ✅ Trading engine stopped
2025-06-02 06:00:08,923 - TradingEngine - INFO - 📡 Processing trading signals for 5 symbols...
2025-06-02 06:00:23,884 - TradingEngine - INFO - 📡 Processing trading signals for 5 symbols...
2025-06-02 06:01:09,791 - TradingEngine - INFO - 📡 Processing trading signals for 5 symbols...
2025-06-02 06:01:20,208 - TradingEngine - INFO - 📡 Processing trading signals for 5 symbols...
2025-06-02 06:05:08,923 - TradingEngine - INFO - 📡 Processing trading signals for 5 symbols...
2025-06-02 06:05:23,884 - TradingEngine - INFO - 📡 Processing trading signals for 5 symbols...
2025-06-02 06:05:42,002 - TradingEngine - INFO - 🚀 Trading Strategy Engine initialized
2025-06-02 06:05:42,002 - TradingEngine - INFO - Configuration: {'max_position_size': 0.05, 'max_portfolio_risk': 0.2, 'stop_loss_pct': 0.02, 'take_profit_pct': 0.04, 'dynamic_stop_loss': True, 'trailing_stop_loss': True, 'min_confidence': 0.35, 'high_confidence': 0.6, 'base_position_size': 0.02, 'confidence_multiplier': 2.0, 'volatility_adjustment': True, 'max_trades_per_day': 20, 'min_time_between_trades': 300, 'paper_trading': True, 'prediction_horizon': 4, 'lookback_period': 24, 'use_binary_classification': False, 'log_level': 'INFO', 'save_trades': True, 'real_time_monitoring': True}
2025-06-02 06:05:42,003 - TradingEngine - INFO - 📁 Found historical data for 12 symbols: ['ADAUSDT', 'AVAXUSDT', 'BCHUSDT', 'BTCUSDT', 'DOTUSDT', 'ETHUSDT', 'LINKUSDT', 'LTCUSDT', 'MATICUSDT', 'SOLUSDT', 'UNIUSDT', 'XLMUSDT']
2025-06-02 06:05:42,003 - TradingEngine - INFO - ✅ BTCUSDT: Historical data available
2025-06-02 06:05:42,003 - TradingEngine - INFO - ✅ ETHUSDT: Historical data available
2025-06-02 06:05:42,003 - TradingEngine - INFO - ✅ ADAUSDT: Historical data available
2025-06-02 06:05:42,003 - TradingEngine - INFO - ✅ DOTUSDT: Historical data available
2025-06-02 06:05:42,003 - TradingEngine - INFO - ✅ LINKUSDT: Historical data available
2025-06-02 06:05:42,003 - TradingEngine - INFO - 🎯 Using 5 validated symbols: ['BTCUSDT', 'ETHUSDT', 'ADAUSDT', 'DOTUSDT', 'LINKUSDT']
2025-06-02 06:05:42,004 - TradingEngine - INFO - 🚀 Starting Crypto Trading Strategy Engine...
2025-06-02 06:05:42,004 - TradingEngine - INFO - 🔧 Initializing trading components...
2025-06-02 06:05:42,004 - TradingEngine - INFO - 🔄 Symbol conversion: ['BTCUSDT', 'ETHUSDT', 'ADAUSDT', 'DOTUSDT', 'LINKUSDT'] -> ['BTC/USD', 'ETH/USD', 'ADA/USD', 'DOT/USD', 'LINK/USD']
2025-06-02 06:05:42,187 - TradingEngine - INFO - ✅ Alpaca trading client initialized
2025-06-02 06:05:42,858 - TradingEngine - INFO - ✅ All components initialized successfully
2025-06-02 06:05:42,858 - TradingEngine - INFO - 📡 Processing trading signals for 5 symbols...
2025-06-02 06:06:09,791 - TradingEngine - INFO - 📡 Processing trading signals for 5 symbols...
2025-06-02 06:06:20,208 - TradingEngine - INFO - 📡 Processing trading signals for 5 symbols...
2025-06-02 06:09:46,817 - TradingEngine - INFO - Received signal 15, stopping trading...
2025-06-02 06:09:46,817 - TradingEngine - INFO - Received signal 15, stopping trading...
2025-06-02 06:09:46,817 - TradingEngine - INFO - Received signal 15, stopping trading...
2025-06-02 06:09:46,817 - TradingEngine - INFO - Received signal 15, stopping trading...
2025-06-02 06:09:46,817 - TradingEngine - INFO - Received signal 15, stopping trading...
2025-06-02 06:10:02,329 - TradingEngine - INFO - 🚀 Trading Strategy Engine initialized
2025-06-02 06:10:02,329 - TradingEngine - INFO - Configuration: {'max_position_size': 0.05, 'max_portfolio_risk': 0.2, 'stop_loss_pct': 0.02, 'take_profit_pct': 0.04, 'dynamic_stop_loss': True, 'trailing_stop_loss': True, 'min_confidence': 0.35, 'high_confidence': 0.6, 'base_position_size': 0.02, 'confidence_multiplier': 2.0, 'volatility_adjustment': True, 'max_trades_per_day': 20, 'min_time_between_trades': 300, 'paper_trading': True, 'prediction_horizon': 4, 'lookback_period': 24, 'use_binary_classification': False, 'log_level': 'INFO', 'save_trades': True, 'real_time_monitoring': True}
2025-06-02 06:10:02,329 - TradingEngine - INFO - 📁 Found historical data for 12 symbols: ['ADAUSDT', 'AVAXUSDT', 'BCHUSDT', 'BTCUSDT', 'DOTUSDT', 'ETHUSDT', 'LINKUSDT', 'LTCUSDT', 'MATICUSDT', 'SOLUSDT', 'UNIUSDT', 'XLMUSDT']
2025-06-02 06:10:02,329 - TradingEngine - INFO - ✅ BTCUSDT: Historical data available
2025-06-02 06:10:02,329 - TradingEngine - INFO - ✅ ETHUSDT: Historical data available
2025-06-02 06:10:02,329 - TradingEngine - INFO - ✅ ADAUSDT: Historical data available
2025-06-02 06:10:02,329 - TradingEngine - INFO - ✅ DOTUSDT: Historical data available
2025-06-02 06:10:02,330 - TradingEngine - INFO - ✅ LINKUSDT: Historical data available
2025-06-02 06:10:02,330 - TradingEngine - INFO - 🎯 Using 5 validated symbols: ['BTCUSDT', 'ETHUSDT', 'ADAUSDT', 'DOTUSDT', 'LINKUSDT']
2025-06-02 06:10:02,330 - TradingEngine - INFO - 🚀 Starting Crypto Trading Strategy Engine...
2025-06-02 06:10:02,330 - TradingEngine - INFO - 🔧 Initializing trading components...
2025-06-02 06:10:02,330 - TradingEngine - INFO - 🔄 Symbol conversion: ['BTCUSDT', 'ETHUSDT', 'ADAUSDT', 'DOTUSDT', 'LINKUSDT'] -> ['BTC/USD', 'ETH/USD', 'ADA/USD', 'DOT/USD', 'LINK/USD']
2025-06-02 06:10:02,516 - TradingEngine - INFO - ✅ Alpaca trading client initialized
2025-06-02 06:10:02,516 - TradingEngine - INFO - ✅ Binance client initialized for price data
2025-06-02 06:10:03,196 - TradingEngine - INFO - ✅ All components initialized successfully
2025-06-02 06:10:03,196 - TradingEngine - INFO - 📡 Processing trading signals for 5 symbols...
2025-06-02 06:10:08,923 - TradingEngine - INFO - 🛑 Stopping trading engine...
2025-06-02 06:10:08,923 - TradingEngine - INFO - ✅ Trading engine stopped
2025-06-02 06:10:23,884 - TradingEngine - INFO - 🛑 Stopping trading engine...
2025-06-02 06:10:23,885 - TradingEngine - INFO - ✅ Trading engine stopped
2025-06-02 06:10:42,859 - TradingEngine - INFO - 🛑 Stopping trading engine...
2025-06-02 06:10:42,859 - TradingEngine - INFO - ✅ Trading engine stopped
2025-06-02 06:10:52,036 - TradingEngine - INFO - 🚀 Trading Strategy Engine initialized
2025-06-02 06:10:52,036 - TradingEngine - INFO - Configuration: {'max_position_size': 0.05, 'max_portfolio_risk': 0.2, 'stop_loss_pct': 0.02, 'take_profit_pct': 0.04, 'dynamic_stop_loss': True, 'trailing_stop_loss': True, 'min_confidence': 0.3, 'high_confidence': 0.6, 'base_position_size': 0.02, 'confidence_multiplier': 2.0, 'volatility_adjustment': True, 'max_trades_per_day': 10, 'min_time_between_trades': 300, 'paper_trading': True, 'prediction_horizon': 4, 'lookback_period': 24, 'use_binary_classification': False, 'log_level': 'INFO', 'save_trades': True, 'real_time_monitoring': True}
2025-06-02 06:10:52,229 - TradingEngine - INFO - 💰 Binance fallback price for BTCUSDT: $104,916.15
2025-06-02 06:10:52,352 - TradingEngine - INFO - 💰 Binance fallback price for ETHUSDT: $2,495.35
2025-06-02 06:10:52,595 - TradingEngine - INFO - 💰 Binance fallback price for ADAUSDT: $0.68
2025-06-02 06:10:52,715 - TradingEngine - INFO - 💰 Binance fallback price for DOTUSDT: $4.01
2025-06-02 06:10:52,835 - TradingEngine - INFO - 💰 Binance fallback price for LINKUSDT: $13.82
2025-06-02 06:11:09,791 - TradingEngine - INFO - 🛑 Stopping trading engine...
2025-06-02 06:11:09,791 - TradingEngine - INFO - ✅ Trading engine stopped
2025-06-02 06:11:20,208 - TradingEngine - INFO - 🛑 Stopping trading engine...
2025-06-02 06:11:20,209 - TradingEngine - INFO - ✅ Trading engine stopped
2025-06-02 06:13:11,119 - TradingEngine - INFO - 🚀 Trading Strategy Engine initialized
2025-06-02 06:13:11,119 - TradingEngine - INFO - Configuration: {'max_position_size': 0.05, 'max_portfolio_risk': 0.2, 'stop_loss_pct': 0.02, 'take_profit_pct': 0.04, 'dynamic_stop_loss': True, 'trailing_stop_loss': True, 'min_confidence': 0.3, 'high_confidence': 0.6, 'base_position_size': 0.02, 'confidence_multiplier': 2.0, 'volatility_adjustment': True, 'max_trades_per_day': 10, 'min_time_between_trades': 300, 'paper_trading': True, 'prediction_horizon': 4, 'lookback_period': 24, 'use_binary_classification': False, 'log_level': 'INFO', 'save_trades': True, 'real_time_monitoring': True}
2025-06-02 06:13:22,953 - TradingEngine - INFO - Received signal 15, stopping trading...
2025-06-02 06:13:41,471 - TradingEngine - INFO - 🚀 Trading Strategy Engine initialized
2025-06-02 06:13:41,471 - TradingEngine - INFO - Configuration: {'max_position_size': 0.05, 'max_portfolio_risk': 0.2, 'stop_loss_pct': 0.02, 'take_profit_pct': 0.04, 'dynamic_stop_loss': True, 'trailing_stop_loss': True, 'min_confidence': 0.35, 'high_confidence': 0.6, 'base_position_size': 0.02, 'confidence_multiplier': 2.0, 'volatility_adjustment': True, 'max_trades_per_day': 20, 'min_time_between_trades': 300, 'paper_trading': True, 'prediction_horizon': 4, 'lookback_period': 24, 'use_binary_classification': False, 'log_level': 'INFO', 'save_trades': True, 'real_time_monitoring': True}
2025-06-02 06:13:41,471 - TradingEngine - INFO - 📁 Found historical data for 12 symbols: ['ADAUSDT', 'AVAXUSDT', 'BCHUSDT', 'BTCUSDT', 'DOTUSDT', 'ETHUSDT', 'LINKUSDT', 'LTCUSDT', 'MATICUSDT', 'SOLUSDT', 'UNIUSDT', 'XLMUSDT']
2025-06-02 06:13:41,471 - TradingEngine - INFO - ✅ BTCUSDT: Historical data available
2025-06-02 06:13:41,471 - TradingEngine - INFO - ✅ ETHUSDT: Historical data available
2025-06-02 06:13:41,472 - TradingEngine - INFO - ✅ ADAUSDT: Historical data available
2025-06-02 06:13:41,472 - TradingEngine - INFO - ✅ DOTUSDT: Historical data available
2025-06-02 06:13:41,472 - TradingEngine - INFO - ✅ LINKUSDT: Historical data available
2025-06-02 06:13:41,472 - TradingEngine - INFO - 🎯 Using 5 validated symbols: ['BTCUSDT', 'ETHUSDT', 'ADAUSDT', 'DOTUSDT', 'LINKUSDT']
2025-06-02 06:13:41,472 - TradingEngine - INFO - 🚀 Starting Crypto Trading Strategy Engine...
2025-06-02 06:13:41,472 - TradingEngine - INFO - 🔧 Initializing trading components...
2025-06-02 06:13:41,472 - TradingEngine - INFO - 🔄 Symbol conversion: ['BTCUSDT', 'ETHUSDT', 'ADAUSDT', 'DOTUSDT', 'LINKUSDT'] -> ['BTC/USD', 'ETH/USD', 'ADA/USD', 'DOT/USD', 'LINK/USD']
2025-06-02 06:13:41,668 - TradingEngine - INFO - ✅ Alpaca trading client initialized
2025-06-02 06:13:41,668 - TradingEngine - INFO - ✅ Binance client initialized for price data
2025-06-02 06:13:42,318 - TradingEngine - INFO - ✅ All components initialized successfully
2025-06-02 06:13:42,318 - TradingEngine - INFO - 📡 Processing trading signals for 5 symbols...
2025-06-02 06:14:18,251 - TradingEngine - INFO - 🚀 Trading Strategy Engine initialized
2025-06-02 06:14:18,251 - TradingEngine - INFO - Configuration: {'max_position_size': 0.05, 'max_portfolio_risk': 0.2, 'stop_loss_pct': 0.02, 'take_profit_pct': 0.04, 'dynamic_stop_loss': True, 'trailing_stop_loss': True, 'min_confidence': 0.35, 'high_confidence': 0.6, 'base_position_size': 0.02, 'confidence_multiplier': 2.0, 'volatility_adjustment': True, 'max_trades_per_day': 20, 'min_time_between_trades': 300, 'paper_trading': True, 'prediction_horizon': 4, 'lookback_period': 24, 'use_binary_classification': False, 'log_level': 'INFO', 'save_trades': True, 'real_time_monitoring': True}
2025-06-02 06:14:18,252 - TradingEngine - INFO - 📁 Found historical data for 12 symbols: ['ADAUSDT', 'AVAXUSDT', 'BCHUSDT', 'BTCUSDT', 'DOTUSDT', 'ETHUSDT', 'LINKUSDT', 'LTCUSDT', 'MATICUSDT', 'SOLUSDT', 'UNIUSDT', 'XLMUSDT']
2025-06-02 06:14:18,252 - TradingEngine - INFO - ✅ BTCUSDT: Historical data available
2025-06-02 06:14:18,252 - TradingEngine - INFO - ✅ ETHUSDT: Historical data available
2025-06-02 06:14:18,252 - TradingEngine - INFO - ✅ ADAUSDT: Historical data available
2025-06-02 06:14:18,252 - TradingEngine - INFO - ✅ DOTUSDT: Historical data available
2025-06-02 06:14:18,252 - TradingEngine - INFO - ✅ LINKUSDT: Historical data available
2025-06-02 06:14:18,252 - TradingEngine - INFO - 🎯 Using 5 validated symbols: ['BTCUSDT', 'ETHUSDT', 'ADAUSDT', 'DOTUSDT', 'LINKUSDT']
2025-06-02 06:14:18,252 - TradingEngine - INFO - 🚀 Starting Crypto Trading Strategy Engine...
2025-06-02 06:14:18,252 - TradingEngine - INFO - 🔧 Initializing trading components...
2025-06-02 06:14:18,253 - TradingEngine - INFO - 🔄 Symbol conversion: ['BTCUSDT', 'ETHUSDT', 'ADAUSDT', 'DOTUSDT', 'LINKUSDT'] -> ['BTC/USD', 'ETH/USD', 'ADA/USD', 'DOT/USD', 'LINK/USD']
2025-06-02 06:14:18,452 - TradingEngine - INFO - ✅ Alpaca trading client initialized
2025-06-02 06:14:18,452 - TradingEngine - INFO - ✅ Binance client initialized for price data
2025-06-02 06:14:19,177 - TradingEngine - INFO - ✅ All components initialized successfully
2025-06-02 06:14:19,180 - TradingEngine - INFO - 📡 Processing trading signals for 5 symbols...
2025-06-02 06:14:44,513 - TradingEngine - INFO - Received signal 15, stopping trading...
2025-06-02 06:15:03,197 - TradingEngine - INFO - 🛑 Stopping trading engine...
2025-06-02 06:15:03,197 - TradingEngine - INFO - ✅ Trading engine stopped
2025-06-02 06:18:42,318 - TradingEngine - INFO - 📡 Processing trading signals for 5 symbols...
2025-06-02 06:19:02,937 - TradingEngine - INFO - 🚀 Trading Strategy Engine initialized
2025-06-02 06:19:02,937 - TradingEngine - INFO - Configuration: {'max_position_size': 0.05, 'max_portfolio_risk': 0.2, 'stop_loss_pct': 0.02, 'take_profit_pct': 0.04, 'dynamic_stop_loss': True, 'trailing_stop_loss': True, 'min_confidence': 0.35, 'high_confidence': 0.6, 'base_position_size': 0.02, 'confidence_multiplier': 2.0, 'volatility_adjustment': True, 'max_trades_per_day': 20, 'min_time_between_trades': 300, 'paper_trading': True, 'prediction_horizon': 4, 'lookback_period': 24, 'use_binary_classification': False, 'log_level': 'INFO', 'save_trades': True, 'real_time_monitoring': True}
2025-06-02 06:19:02,937 - TradingEngine - INFO - 📁 Found historical data for 12 symbols: ['ADAUSDT', 'AVAXUSDT', 'BCHUSDT', 'BTCUSDT', 'DOTUSDT', 'ETHUSDT', 'LINKUSDT', 'LTCUSDT', 'MATICUSDT', 'SOLUSDT', 'UNIUSDT', 'XLMUSDT']
2025-06-02 06:19:02,937 - TradingEngine - INFO - ✅ BTCUSDT: Historical data available
2025-06-02 06:19:02,937 - TradingEngine - INFO - ✅ ETHUSDT: Historical data available
2025-06-02 06:19:02,937 - TradingEngine - INFO - ✅ ADAUSDT: Historical data available
2025-06-02 06:19:02,937 - TradingEngine - INFO - ✅ DOTUSDT: Historical data available
2025-06-02 06:19:02,937 - TradingEngine - INFO - ✅ LINKUSDT: Historical data available
2025-06-02 06:19:02,938 - TradingEngine - INFO - 🎯 Using 5 validated symbols: ['BTCUSDT', 'ETHUSDT', 'ADAUSDT', 'DOTUSDT', 'LINKUSDT']
2025-06-02 06:19:02,938 - TradingEngine - INFO - 🚀 Starting Crypto Trading Strategy Engine...
2025-06-02 06:19:02,938 - TradingEngine - INFO - 🔧 Initializing trading components...
2025-06-02 06:19:02,938 - TradingEngine - INFO - 🔄 Symbol conversion: ['BTCUSDT', 'ETHUSDT', 'ADAUSDT', 'DOTUSDT', 'LINKUSDT'] -> ['BTC/USD', 'ETH/USD', 'ADA/USD', 'DOT/USD', 'LINK/USD']
2025-06-02 06:19:03,133 - TradingEngine - INFO - ✅ Alpaca trading client initialized
2025-06-02 06:19:03,133 - TradingEngine - INFO - ✅ Binance client initialized for price data
2025-06-02 06:19:04,056 - TradingEngine - INFO - ✅ All components initialized successfully
2025-06-02 06:19:04,057 - TradingEngine - INFO - 📡 Processing trading signals for 5 symbols...
2025-06-02 06:19:46,825 - TradingEngine - INFO - Received signal 2, stopping trading...
2025-06-02 06:19:46,825 - TradingEngine - INFO - Received signal 2, stopping trading...
2025-06-02 06:19:59,139 - TradingEngine - INFO - Received signal 15, stopping trading...
2025-06-02 06:23:42,318 - TradingEngine - INFO - 📡 Processing trading signals for 5 symbols...
2025-06-02 06:28:42,318 - TradingEngine - INFO - 📡 Processing trading signals for 5 symbols...
2025-06-02 06:33:42,318 - TradingEngine - INFO - 📡 Processing trading signals for 5 symbols...
2025-06-02 06:38:42,319 - TradingEngine - INFO - 📡 Processing trading signals for 5 symbols...
2025-06-02 06:43:42,319 - TradingEngine - INFO - 📡 Processing trading signals for 5 symbols...
2025-06-02 06:48:42,319 - TradingEngine - INFO - 📡 Processing trading signals for 5 symbols...
