2025-06-05 01:16:27 - INFO - Loaded 15 symbols from CRYPTO_SYMBOLS environment variable
2025-06-05 01:16:27 - INFO - Found 7 DeFi symbols: UNIUSDT, LINKUSDT, DOTUSDT, AVAXUSDT, AAVEUSDT, SUSHIUSDT, YFIUSDT
2025-06-05 01:16:27 - INFO - Found 3 Altcoin symbols: DOGEUSDT, SHIBUSDT, XRPUSDT
2025-06-05 01:16:27 - INFO - Found 1 Primary symbols: BTCUSDT
2025-06-05 01:16:27 - INFO - Found 1 Secondary symbols: ETHUSDT
2025-06-05 01:16:27 - INFO - Found 1 Tertiary symbols: SOLUSDT
2025-06-05 01:16:27 - INFO - Default symbols: BTCUSDT, ETHUSDT, DOGEUSDT, SOLUSDT, AVAXUSDT, LTCUSDT, UNIUSDT, LINKUSDT, XRPUSDT, DOTUSDT, SHIBUSDT, AAVEUSDT, BCHUSDT, SUSHIUSDT, YFIUSDT
2025-06-05 01:19:00 - INFO - Loaded 15 symbols from CRYPTO_SYMBOLS environment variable
2025-06-05 01:19:00 - INFO - Found 7 DeFi symbols: UNIUSDT, LINKUSDT, DOTUSDT, AVAXUSDT, AAVEUSDT, SUSHIUSDT, YFIUSDT
2025-06-05 01:19:00 - INFO - Found 3 Altcoin symbols: DOGEUSDT, SHIBUSDT, XRPUSDT
2025-06-05 01:19:00 - INFO - Found 1 Primary symbols: BTCUSDT
2025-06-05 01:19:00 - INFO - Found 1 Secondary symbols: ETHUSDT
2025-06-05 01:19:00 - INFO - Found 1 Tertiary symbols: SOLUSDT
2025-06-05 01:19:00 - INFO - Default symbols: BTCUSDT, ETHUSDT, DOGEUSDT, SOLUSDT, AVAXUSDT, LTCUSDT, UNIUSDT, LINKUSDT, XRPUSDT, DOTUSDT, SHIBUSDT, AAVEUSDT, BCHUSDT, SUSHIUSDT, YFIUSDT
2025-06-05 01:19:59 - INFO - Loaded 15 symbols from CRYPTO_SYMBOLS environment variable
2025-06-05 01:19:59 - INFO - Found 7 DeFi symbols: UNIUSDT, LINKUSDT, DOTUSDT, AVAXUSDT, AAVEUSDT, SUSHIUSDT, YFIUSDT
2025-06-05 01:19:59 - INFO - Found 3 Altcoin symbols: DOGEUSDT, SHIBUSDT, XRPUSDT
2025-06-05 01:19:59 - INFO - Found 1 Primary symbols: BTCUSDT
2025-06-05 01:19:59 - INFO - Found 1 Secondary symbols: ETHUSDT
2025-06-05 01:19:59 - INFO - Found 1 Tertiary symbols: SOLUSDT
2025-06-05 01:19:59 - INFO - Default symbols: BTCUSDT, ETHUSDT, DOGEUSDT, SOLUSDT, AVAXUSDT, LTCUSDT, UNIUSDT, LINKUSDT, XRPUSDT, DOTUSDT, SHIBUSDT, AAVEUSDT, BCHUSDT, SUSHIUSDT, YFIUSDT
2025-06-05 01:19:59 - INFO - Starting data collection for LINKUSDT
2025-06-05 01:19:59 - INFO - Collected 48 records for LINKUSDT
2025-06-05 01:19:59 - INFO - Starting data collection for SUSHIUSDT
2025-06-05 01:20:00 - INFO - Collected 48 records for SUSHIUSDT
2025-06-05 01:20:00 - INFO - Starting data collection for UNIUSDT
2025-06-05 01:20:00 - INFO - Collected 48 records for UNIUSDT
2025-06-05 01:20:01 - INFO - Starting data collection for DOTUSDT
2025-06-05 01:20:01 - INFO - Collected 48 records for DOTUSDT
2025-06-05 01:20:01 - INFO - Starting data collection for YFIUSDT
2025-06-05 01:20:01 - INFO - Collected 48 records for YFIUSDT
2025-06-05 01:20:01 - INFO - Starting data collection for SOLUSDT
2025-06-05 01:20:02 - INFO - Collected 48 records for SOLUSDT
2025-06-05 01:20:02 - INFO - Starting data collection for XRPUSDT
2025-06-05 01:20:02 - INFO - Collected 48 records for XRPUSDT
2025-06-05 01:20:03 - INFO - Starting data collection for DOGEUSDT
2025-06-05 01:20:03 - INFO - Collected 48 records for DOGEUSDT
2025-06-05 01:20:03 - INFO - Starting data collection for AVAXUSDT
2025-06-05 01:20:03 - INFO - Collected 48 records for AVAXUSDT
2025-06-05 01:20:03 - INFO - Starting data collection for BCHUSDT
2025-06-05 01:20:04 - INFO - Collected 48 records for BCHUSDT
2025-06-05 01:20:04 - INFO - Starting data collection for SHIBUSDT
2025-06-05 01:20:04 - INFO - Collected 48 records for SHIBUSDT
2025-06-05 01:20:05 - INFO - Starting data collection for LTCUSDT
2025-06-05 01:20:05 - INFO - Collected 48 records for LTCUSDT
2025-06-05 01:20:05 - INFO - Starting data collection for AAVEUSDT
2025-06-05 01:20:05 - INFO - Collected 48 records for AAVEUSDT
2025-06-05 01:20:05 - INFO - Starting data collection for ETHUSDT
2025-06-05 01:20:06 - INFO - Collected 48 records for ETHUSDT
2025-06-05 01:20:06 - INFO - Starting data collection for BTCUSDT
2025-06-05 01:20:06 - INFO - Collected 48 records for BTCUSDT
2025-06-05 01:26:31 - INFO - Loaded 15 symbols from CRYPTO_SYMBOLS environment variable
2025-06-05 01:26:31 - INFO - Found 7 DeFi symbols: UNIUSDT, LINKUSDT, DOTUSDT, AVAXUSDT, AAVEUSDT, SUSHIUSDT, YFIUSDT
2025-06-05 01:26:31 - INFO - Found 3 Altcoin symbols: DOGEUSDT, SHIBUSDT, XRPUSDT
2025-06-05 01:26:31 - INFO - Found 1 Primary symbols: BTCUSDT
2025-06-05 01:26:31 - INFO - Found 1 Secondary symbols: ETHUSDT
2025-06-05 01:26:31 - INFO - Found 1 Tertiary symbols: SOLUSDT
2025-06-05 01:26:31 - INFO - Default symbols: BTCUSDT, ETHUSDT, DOGEUSDT, SOLUSDT, AVAXUSDT, LTCUSDT, UNIUSDT, LINKUSDT, XRPUSDT, DOTUSDT, SHIBUSDT, AAVEUSDT, BCHUSDT, SUSHIUSDT, YFIUSDT
2025-06-05 01:37:05 - INFO - Loaded 15 symbols from CRYPTO_SYMBOLS environment variable
2025-06-05 01:37:05 - INFO - Found 7 DeFi symbols: UNIUSDT, LINKUSDT, DOTUSDT, AVAXUSDT, AAVEUSDT, SUSHIUSDT, YFIUSDT
2025-06-05 01:37:05 - INFO - Found 3 Altcoin symbols: DOGEUSDT, SHIBUSDT, XRPUSDT
2025-06-05 01:37:05 - INFO - Found 1 Primary symbols: BTCUSDT
2025-06-05 01:37:05 - INFO - Found 1 Secondary symbols: ETHUSDT
2025-06-05 01:37:05 - INFO - Found 1 Tertiary symbols: SOLUSDT
2025-06-05 01:37:05 - INFO - Default symbols: BTCUSDT, ETHUSDT, DOGEUSDT, SOLUSDT, AVAXUSDT, LTCUSDT, UNIUSDT, LINKUSDT, XRPUSDT, DOTUSDT, SHIBUSDT, AAVEUSDT, BCHUSDT, SUSHIUSDT, YFIUSDT
2025-06-05 01:37:22 - INFO - Loaded 15 symbols from CRYPTO_SYMBOLS environment variable
2025-06-05 01:37:22 - INFO - Found 7 DeFi symbols: UNIUSDT, LINKUSDT, DOTUSDT, AVAXUSDT, AAVEUSDT, SUSHIUSDT, YFIUSDT
2025-06-05 01:37:22 - INFO - Found 3 Altcoin symbols: DOGEUSDT, SHIBUSDT, XRPUSDT
2025-06-05 01:37:22 - INFO - Found 1 Primary symbols: BTCUSDT
2025-06-05 01:37:22 - INFO - Found 1 Secondary symbols: ETHUSDT
2025-06-05 01:37:22 - INFO - Found 1 Tertiary symbols: SOLUSDT
2025-06-05 01:37:22 - INFO - Default symbols: BTCUSDT, ETHUSDT, DOGEUSDT, SOLUSDT, AVAXUSDT, LTCUSDT, UNIUSDT, LINKUSDT, XRPUSDT, DOTUSDT, SHIBUSDT, AAVEUSDT, BCHUSDT, SUSHIUSDT, YFIUSDT
2025-06-05 01:43:46 - INFO - Loaded 15 symbols from CRYPTO_SYMBOLS environment variable
2025-06-05 01:43:46 - INFO - Found 7 DeFi symbols: UNIUSDT, LINKUSDT, DOTUSDT, AVAXUSDT, AAVEUSDT, SUSHIUSDT, YFIUSDT
2025-06-05 01:43:46 - INFO - Found 3 Altcoin symbols: DOGEUSDT, SHIBUSDT, XRPUSDT
2025-06-05 01:43:46 - INFO - Found 1 Primary symbols: BTCUSDT
2025-06-05 01:43:46 - INFO - Found 1 Secondary symbols: ETHUSDT
2025-06-05 01:43:46 - INFO - Found 1 Tertiary symbols: SOLUSDT
2025-06-05 01:43:46 - INFO - Default symbols: BTCUSDT, ETHUSDT, DOGEUSDT, SOLUSDT, AVAXUSDT, LTCUSDT, UNIUSDT, LINKUSDT, XRPUSDT, DOTUSDT, SHIBUSDT, AAVEUSDT, BCHUSDT, SUSHIUSDT, YFIUSDT
2025-06-05 01:44:01 - INFO - Loaded 15 symbols from CRYPTO_SYMBOLS environment variable
2025-06-05 01:44:01 - INFO - Found 7 DeFi symbols: UNIUSDT, LINKUSDT, DOTUSDT, AVAXUSDT, AAVEUSDT, SUSHIUSDT, YFIUSDT
2025-06-05 01:44:01 - INFO - Found 3 Altcoin symbols: DOGEUSDT, SHIBUSDT, XRPUSDT
2025-06-05 01:44:01 - INFO - Found 1 Primary symbols: BTCUSDT
2025-06-05 01:44:01 - INFO - Found 1 Secondary symbols: ETHUSDT
2025-06-05 01:44:01 - INFO - Found 1 Tertiary symbols: SOLUSDT
2025-06-05 01:44:01 - INFO - Default symbols: BTCUSDT, ETHUSDT, DOGEUSDT, SOLUSDT, AVAXUSDT, LTCUSDT, UNIUSDT, LINKUSDT, XRPUSDT, DOTUSDT, SHIBUSDT, AAVEUSDT, BCHUSDT, SUSHIUSDT, YFIUSDT
2025-06-05 01:44:22 - INFO - Loaded 15 symbols from CRYPTO_SYMBOLS environment variable
2025-06-05 01:44:22 - INFO - Found 7 DeFi symbols: UNIUSDT, LINKUSDT, DOTUSDT, AVAXUSDT, AAVEUSDT, SUSHIUSDT, YFIUSDT
2025-06-05 01:44:22 - INFO - Found 3 Altcoin symbols: DOGEUSDT, SHIBUSDT, XRPUSDT
2025-06-05 01:44:22 - INFO - Found 1 Primary symbols: BTCUSDT
2025-06-05 01:44:22 - INFO - Found 1 Secondary symbols: ETHUSDT
2025-06-05 01:44:22 - INFO - Found 1 Tertiary symbols: SOLUSDT
2025-06-05 01:44:22 - INFO - Default symbols: BTCUSDT, ETHUSDT, DOGEUSDT, SOLUSDT, AVAXUSDT, LTCUSDT, UNIUSDT, LINKUSDT, XRPUSDT, DOTUSDT, SHIBUSDT, AAVEUSDT, BCHUSDT, SUSHIUSDT, YFIUSDT
2025-06-05 01:44:22 - INFO - Starting data collection for LTCUSDT
2025-06-05 01:44:25 - INFO - Collected 8760 records for LTCUSDT
2025-06-05 01:44:26 - INFO - Starting data collection for AAVEUSDT
2025-06-05 01:44:28 - INFO - Collected 8760 records for AAVEUSDT
2025-06-05 01:44:29 - INFO - Starting data collection for DOGEUSDT
2025-06-05 01:44:32 - INFO - Collected 8760 records for DOGEUSDT
2025-06-05 01:44:32 - INFO - Starting data collection for DOTUSDT
2025-06-05 01:44:35 - INFO - Collected 8760 records for DOTUSDT
2025-06-05 01:44:35 - INFO - Starting data collection for SOLUSDT
2025-06-05 01:44:38 - INFO - Collected 8760 records for SOLUSDT
2025-06-05 01:44:38 - INFO - Starting data collection for YFIUSDT
2025-06-05 01:44:41 - INFO - Collected 8760 records for YFIUSDT
2025-06-05 01:44:41 - INFO - Starting data collection for UNIUSDT
2025-06-05 01:44:43 - INFO - Collected 8760 records for UNIUSDT
2025-06-05 01:44:43 - INFO - Starting data collection for SUSHIUSDT
2025-06-05 01:44:46 - INFO - Collected 8760 records for SUSHIUSDT
2025-06-05 01:44:46 - INFO - Starting data collection for AVAXUSDT
2025-06-05 01:44:49 - INFO - Collected 8760 records for AVAXUSDT
2025-06-05 01:44:49 - INFO - Starting data collection for XRPUSDT
2025-06-05 01:44:51 - INFO - Collected 8760 records for XRPUSDT
2025-06-05 01:44:52 - INFO - Starting data collection for BTCUSDT
2025-06-05 01:44:54 - INFO - Collected 8760 records for BTCUSDT
2025-06-05 01:44:54 - INFO - Starting data collection for BCHUSDT
2025-06-05 01:44:57 - INFO - Collected 8760 records for BCHUSDT
2025-06-05 01:44:57 - INFO - Starting data collection for LINKUSDT
2025-06-05 01:44:59 - INFO - Collected 8760 records for LINKUSDT
2025-06-05 01:44:59 - INFO - Starting data collection for ETHUSDT
2025-06-05 01:45:02 - INFO - Collected 8760 records for ETHUSDT
2025-06-05 01:45:02 - INFO - Starting data collection for SHIBUSDT
2025-06-05 01:45:04 - INFO - Collected 8760 records for SHIBUSDT
2025-06-05 01:45:56 - INFO - Loaded 15 symbols from CRYPTO_SYMBOLS environment variable
2025-06-05 01:45:56 - INFO - Found 7 DeFi symbols: UNIUSDT, LINKUSDT, DOTUSDT, AVAXUSDT, AAVEUSDT, SUSHIUSDT, YFIUSDT
2025-06-05 01:45:56 - INFO - Found 3 Altcoin symbols: DOGEUSDT, SHIBUSDT, XRPUSDT
2025-06-05 01:45:56 - INFO - Found 1 Primary symbols: BTCUSDT
2025-06-05 01:45:56 - INFO - Found 1 Secondary symbols: ETHUSDT
2025-06-05 01:45:56 - INFO - Found 1 Tertiary symbols: SOLUSDT
2025-06-05 01:45:56 - INFO - Default symbols: BTCUSDT, ETHUSDT, DOGEUSDT, SOLUSDT, AVAXUSDT, LTCUSDT, UNIUSDT, LINKUSDT, XRPUSDT, DOTUSDT, SHIBUSDT, AAVEUSDT, BCHUSDT, SUSHIUSDT, YFIUSDT
2025-06-05 01:46:28 - INFO - Loaded 15 symbols from CRYPTO_SYMBOLS environment variable
2025-06-05 01:46:28 - INFO - Found 7 DeFi symbols: UNIUSDT, LINKUSDT, DOTUSDT, AVAXUSDT, AAVEUSDT, SUSHIUSDT, YFIUSDT
2025-06-05 01:46:28 - INFO - Found 3 Altcoin symbols: DOGEUSDT, SHIBUSDT, XRPUSDT
2025-06-05 01:46:28 - INFO - Found 1 Primary symbols: BTCUSDT
2025-06-05 01:46:28 - INFO - Found 1 Secondary symbols: ETHUSDT
2025-06-05 01:46:28 - INFO - Found 1 Tertiary symbols: SOLUSDT
2025-06-05 01:46:28 - INFO - Default symbols: BTCUSDT, ETHUSDT, DOGEUSDT, SOLUSDT, AVAXUSDT, LTCUSDT, UNIUSDT, LINKUSDT, XRPUSDT, DOTUSDT, SHIBUSDT, AAVEUSDT, BCHUSDT, SUSHIUSDT, YFIUSDT
2025-06-05 01:47:39 - INFO - Loaded 15 symbols from CRYPTO_SYMBOLS environment variable
2025-06-05 01:47:39 - INFO - Found 7 DeFi symbols: UNIUSDT, LINKUSDT, DOTUSDT, AVAXUSDT, AAVEUSDT, SUSHIUSDT, YFIUSDT
2025-06-05 01:47:39 - INFO - Found 3 Altcoin symbols: DOGEUSDT, SHIBUSDT, XRPUSDT
2025-06-05 01:47:39 - INFO - Found 1 Primary symbols: BTCUSDT
2025-06-05 01:47:39 - INFO - Found 1 Secondary symbols: ETHUSDT
2025-06-05 01:47:39 - INFO - Found 1 Tertiary symbols: SOLUSDT
2025-06-05 01:47:39 - INFO - Default symbols: BTCUSDT, ETHUSDT, DOGEUSDT, SOLUSDT, AVAXUSDT, LTCUSDT, UNIUSDT, LINKUSDT, XRPUSDT, DOTUSDT, SHIBUSDT, AAVEUSDT, BCHUSDT, SUSHIUSDT, YFIUSDT
2025-06-05 01:58:36 - INFO - Loaded 15 symbols from CRYPTO_SYMBOLS environment variable
2025-06-05 01:58:36 - INFO - Found 7 DeFi symbols: UNIUSDT, LINKUSDT, DOTUSDT, AVAXUSDT, AAVEUSDT, SUSHIUSDT, YFIUSDT
2025-06-05 01:58:36 - INFO - Found 3 Altcoin symbols: DOGEUSDT, SHIBUSDT, XRPUSDT
2025-06-05 01:58:36 - INFO - Found 1 Primary symbols: BTCUSDT
2025-06-05 01:58:36 - INFO - Found 1 Secondary symbols: ETHUSDT
2025-06-05 01:58:36 - INFO - Found 1 Tertiary symbols: SOLUSDT
2025-06-05 01:58:36 - INFO - Default symbols: BTCUSDT, ETHUSDT, DOGEUSDT, SOLUSDT, AVAXUSDT, LTCUSDT, UNIUSDT, LINKUSDT, XRPUSDT, DOTUSDT, SHIBUSDT, AAVEUSDT, BCHUSDT, SUSHIUSDT, YFIUSDT
